[2020-07-13 23:40:54,882] {taskinstance.py:669} INFO - Dependencies all met for <TaskInstance: news_fetch.cnn_news_parser 2020-07-11T01:49:00+00:00 [queued]>
[2020-07-13 23:40:54,888] {taskinstance.py:669} INFO - Dependencies all met for <TaskInstance: news_fetch.cnn_news_parser 2020-07-11T01:49:00+00:00 [queued]>
[2020-07-13 23:40:54,888] {taskinstance.py:879} INFO - 
--------------------------------------------------------------------------------
[2020-07-13 23:40:54,888] {taskinstance.py:880} INFO - Starting attempt 1 of 4
[2020-07-13 23:40:54,888] {taskinstance.py:881} INFO - 
--------------------------------------------------------------------------------
[2020-07-13 23:40:54,896] {taskinstance.py:900} INFO - Executing <Task(PythonOperator): cnn_news_parser> on 2020-07-11T01:49:00+00:00
[2020-07-13 23:40:54,898] {standard_task_runner.py:53} INFO - Started process 30509 to run task
[2020-07-13 23:40:54,928] {logging_mixin.py:112} INFO - Running %s on host %s <TaskInstance: news_fetch.cnn_news_parser 2020-07-11T01:49:00+00:00 [running]> tony-ThinkPad-X1-Carbon-7th
[2020-07-13 23:40:55,030] {logging_mixin.py:112} INFO - Description >>>>>>>>>>>>>>>>>>>>
[2020-07-13 23:40:55,030] {logging_mixin.py:112} INFO - New York City Mayor Bill de Blasio is vowing Monday that the “heartbreaking” shooting death of a 1-year-old at a family cookout over the weekend is “not anything we can allow in our city.”
[2020-07-13 23:40:55,030] {logging_mixin.py:112} INFO - Complete String >>>>>>>>>>>>>>>>
[2020-07-13 23:40:55,030] {logging_mixin.py:112} INFO - De Blasio reacts to 'heartbreaking' shooting of 1-year-old: 'This is not anything we can allow in our city'. New York City Mayor Bill de Blasio is vowing Monday that the “heartbreaking” shooting death of a 1-year-old at a family cookout over the weekend is “not anything we can allow in our city.”
[2020-07-13 23:40:55,057] {logging_mixin.py:112} INFO - Description >>>>>>>>>>>>>>>>>>>>
[2020-07-13 23:40:55,057] {logging_mixin.py:112} INFO - As the sixth-named storm of the 2020 Atlantic hurricane season lashed the greater New York City area with drenching rain on Friday, officials responded to cries for help from a storm drain.
[2020-07-13 23:40:55,057] {logging_mixin.py:112} INFO - Complete String >>>>>>>>>>>>>>>>
[2020-07-13 23:40:55,057] {logging_mixin.py:112} INFO - Kitten rescued from storm drain as Tropical Storm Fay soaked New York. As the sixth-named storm of the 2020 Atlantic hurricane season lashed the greater New York City area with drenching rain on Friday, officials responded to cries for help from a storm drain.
[2020-07-13 23:40:55,058] {logging_mixin.py:112} INFO - Description >>>>>>>>>>>>>>>>>>>>
[2020-07-13 23:40:55,058] {logging_mixin.py:112} INFO - As New York City confronts an alarming surge in gun violence, the NYPD on Monday reported 28 shootings over the weekend, including one in Brooklyn caught on video that left a man wounded.
[2020-07-13 23:40:55,058] {logging_mixin.py:112} INFO - Complete String >>>>>>>>>>>>>>>>
[2020-07-13 23:40:55,058] {logging_mixin.py:112} INFO - New York City's alarming gun crime surge continued with 28 shootings this weekend. As New York City confronts an alarming surge in gun violence, the NYPD on Monday reported 28 shootings over the weekend, including one in Brooklyn caught on video that left a man wounded.
[2020-07-13 23:40:55,059] {logging_mixin.py:112} INFO - Description >>>>>>>>>>>>>>>>>>>>
[2020-07-13 23:40:55,059] {logging_mixin.py:112} INFO - “Madden 21” released the first member of its 99 club for the new installment of the video games series.
[2020-07-13 23:40:55,059] {logging_mixin.py:112} INFO - Complete String >>>>>>>>>>>>>>>>
[2020-07-13 23:40:55,059] {logging_mixin.py:112} INFO - 'Madden 21' reveals first member of game's 99 club. “Madden 21” released the first member of its 99 club for the new installment of the video games series.
[2020-07-13 23:40:55,059] {logging_mixin.py:112} INFO - Description >>>>>>>>>>>>>>>>>>>>
[2020-07-13 23:40:55,059] {logging_mixin.py:112} INFO - Mayor Bill de Blasio on Monday said New York City is seeing a surge in positive cases of coronavirus in individuals between the ages of 20 and 29, calling it a “problem” that needs to be addressed.
[2020-07-13 23:40:55,059] {logging_mixin.py:112} INFO - Complete String >>>>>>>>>>>>>>>>
[2020-07-13 23:40:55,060] {logging_mixin.py:112} INFO - NYC sees uptick in coronavirus cases in young adults, de Blasio calls it 'a problem'. Mayor Bill de Blasio on Monday said New York City is seeing a surge in positive cases of coronavirus in individuals between the ages of 20 and 29, calling it a “problem” that needs to be addressed.
[2020-07-13 23:40:55,060] {logging_mixin.py:112} INFO - Description >>>>>>>>>>>>>>>>>>>>
[2020-07-13 23:40:55,060] {logging_mixin.py:112} INFO - White House Press Secretary Kayleigh McEnany said Monday it will be up to local governments to determine how best to bring students back to the classroom this fall after the coronavirus closings.
[2020-07-13 23:40:55,060] {logging_mixin.py:112} INFO - Complete String >>>>>>>>>>>>>>>>
[2020-07-13 23:40:55,060] {logging_mixin.py:112} INFO - White House says guidelines to reopen schools will be up to local governments. White House Press Secretary Kayleigh McEnany said Monday it will be up to local governments to determine how best to bring students back to the classroom this fall after the coronavirus closings.
[2020-07-13 23:40:55,061] {logging_mixin.py:112} INFO - Description >>>>>>>>>>>>>>>>>>>>
[2020-07-13 23:40:55,061] {logging_mixin.py:112} INFO - The Cleveland Indians are officially on the clock.
[2020-07-13 23:40:55,061] {logging_mixin.py:112} INFO - Complete String >>>>>>>>>>>>>>>>
[2020-07-13 23:40:55,061] {logging_mixin.py:112} INFO - Cleveland Indians are likely the next team to change name but it may not come as quickly. The Cleveland Indians are officially on the clock.
[2020-07-13 23:40:55,062] {logging_mixin.py:112} INFO - Description >>>>>>>>>>>>>>>>>>>>
[2020-07-13 23:40:55,062] {logging_mixin.py:112} INFO - The establishment media hypes case numbers as the only measure for coronavirus
[2020-07-13 23:40:55,062] {logging_mixin.py:112} INFO - Complete String >>>>>>>>>>>>>>>>
[2020-07-13 23:40:55,062] {logging_mixin.py:112} INFO - Steve Hilton: Reopen our schools or give me my school money back. The establishment media hypes case numbers as the only measure for coronavirus
[2020-07-13 23:40:55,062] {logging_mixin.py:112} INFO - Description >>>>>>>>>>>>>>>>>>>>
[2020-07-13 23:40:55,062] {logging_mixin.py:112} INFO - Jeep is raining on rival's parade.
[2020-07-13 23:40:55,062] {logging_mixin.py:112} INFO - Complete String >>>>>>>>>>>>>>>>
[2020-07-13 23:40:55,062] {logging_mixin.py:112} INFO - V8-powered Jeep Wrangler crashes Ford Bronco's party. Jeep is raining on rival's parade.
[2020-07-13 23:40:55,063] {logging_mixin.py:112} INFO - Description >>>>>>>>>>>>>>>>>>>>
[2020-07-13 23:40:55,063] {logging_mixin.py:112} INFO - A Pennsylvania police officer was seen putting his knee on a man's neck while trying to restrain him Saturday evening, drawing comparisons to the infamous viral video showing George Floyd before his death that sparked a nationwide reckoning against racial injustice and police brutality.
[2020-07-13 23:40:55,063] {logging_mixin.py:112} INFO - Complete String >>>>>>>>>>>>>>>>
[2020-07-13 23:40:55,063] {logging_mixin.py:112} INFO - Pennsylvania cop kneeling on man's neck draws comparisons to George Floyd, inciting protests, outrage. A Pennsylvania police officer was seen putting his knee on a man's neck while trying to restrain him Saturday evening, drawing comparisons to the infamous viral video showing George Floyd before his death that sparked a nationwide reckoning against racial injustice and police brutality.
[2020-07-13 23:40:55,063] {logging_mixin.py:112} INFO - -0.5
[2020-07-13 23:40:55,063] {logging_mixin.py:112} INFO - 0.25757575757575757
[2020-07-13 23:40:55,063] {logging_mixin.py:112} INFO - 0.014989898989898975
[2020-07-13 23:40:55,064] {logging_mixin.py:112} INFO - 9
[2020-07-13 23:40:55,064] {logging_mixin.py:112} INFO - 1
[2020-07-13 23:40:55,064] {python_operator.py:114} INFO - Done. Returned value was: None
[2020-07-13 23:40:55,066] {taskinstance.py:1065} INFO - Marking task as SUCCESS.dag_id=news_fetch, task_id=cnn_news_parser, execution_date=20200711T014900, start_date=20200713T154054, end_date=20200713T154055
[2020-07-13 23:41:04,880] {logging_mixin.py:112} INFO - [2020-07-13 23:41:04,879] {local_task_job.py:103} INFO - Task exited with return code 0
