[2020-07-14 00:06:54,587] {taskinstance.py:669} INFO - Dependencies all met for <TaskInstance: news_fetch.cnn_news_parser 2020-07-11T02:25:00+00:00 [queued]>
[2020-07-14 00:06:54,599] {taskinstance.py:669} INFO - Dependencies all met for <TaskInstance: news_fetch.cnn_news_parser 2020-07-11T02:25:00+00:00 [queued]>
[2020-07-14 00:06:54,600] {taskinstance.py:879} INFO - 
--------------------------------------------------------------------------------
[2020-07-14 00:06:54,600] {taskinstance.py:880} INFO - Starting attempt 1 of 4
[2020-07-14 00:06:54,600] {taskinstance.py:881} INFO - 
--------------------------------------------------------------------------------
[2020-07-14 00:06:54,610] {taskinstance.py:900} INFO - Executing <Task(PythonOperator): cnn_news_parser> on 2020-07-11T02:25:00+00:00
[2020-07-14 00:06:54,615] {standard_task_runner.py:53} INFO - Started process 2985 to run task
[2020-07-14 00:06:54,668] {logging_mixin.py:112} INFO - Running %s on host %s <TaskInstance: news_fetch.cnn_news_parser 2020-07-11T02:25:00+00:00 [running]> tony-ThinkPad-X1-Carbon-7th
[2020-07-14 00:06:54,875] {logging_mixin.py:112} INFO - Description >>>>>>>>>>>>>>>>>>>>
[2020-07-14 00:06:54,875] {logging_mixin.py:112} INFO - Walt Disney World has reportedly opened several designated spaces throughout its theme parks where visitors can remove required facial coverings.
[2020-07-14 00:06:54,875] {logging_mixin.py:112} INFO - Complete String >>>>>>>>>>>>>>>>
[2020-07-14 00:06:54,875] {logging_mixin.py:112} INFO - Disney World offering mask-free 'relaxation zones' upon reopening, Twitter calls move 'irresponsible'. Walt Disney World has reportedly opened several designated spaces throughout its theme parks where visitors can remove required facial coverings.
[2020-07-14 00:06:54,927] {logging_mixin.py:112} INFO - Description >>>>>>>>>>>>>>>>>>>>
[2020-07-14 00:06:54,927] {logging_mixin.py:112} INFO - Washington Examiner contributor Byron York said on Monday that the commutation of Roger Stone's sentence was not unprecedented, despite what many critics have claimed.
[2020-07-14 00:06:54,927] {logging_mixin.py:112} INFO - Complete String >>>>>>>>>>>>>>>>
[2020-07-14 00:06:54,927] {logging_mixin.py:112} INFO - Byron York: Trump's commutation of Roger Stone's sentence was not unprecedented. Washington Examiner contributor Byron York said on Monday that the commutation of Roger Stone's sentence was not unprecedented, despite what many critics have claimed.
[2020-07-14 00:06:54,928] {logging_mixin.py:112} INFO - Description >>>>>>>>>>>>>>>>>>>>
[2020-07-14 00:06:54,928] {logging_mixin.py:112} INFO - Ben Stiller understands the backlash surrounding now-President Donald Trump's cameo in his iconic 2001 movie.
[2020-07-14 00:06:54,929] {logging_mixin.py:112} INFO - Complete String >>>>>>>>>>>>>>>>
[2020-07-14 00:06:54,929] {logging_mixin.py:112} INFO - Why Ben Stiller won't cut Donald Trump's cameo from 'Zoolander' movie. Ben Stiller understands the backlash surrounding now-President Donald Trump's cameo in his iconic 2001 movie.
[2020-07-14 00:06:54,930] {logging_mixin.py:112} INFO - Description >>>>>>>>>>>>>>>>>>>>
[2020-07-14 00:06:54,930] {logging_mixin.py:112} INFO - Former Arkansas Gov. Mike Huckabee called New York Rep. Alexandria Ocasio-Cortez’s comments on New York City’s crime uptick “astonishing.”
[2020-07-14 00:06:54,930] {logging_mixin.py:112} INFO - Complete String >>>>>>>>>>>>>>>>
[2020-07-14 00:06:54,930] {logging_mixin.py:112} INFO - Huckabee hits back at AOC's 'astonishing' take on rising NYC crime: 'Absurdity' must be called out. Former Arkansas Gov. Mike Huckabee called New York Rep. Alexandria Ocasio-Cortez’s comments on New York City’s crime uptick “astonishing.”
[2020-07-14 00:06:54,931] {logging_mixin.py:112} INFO - Description >>>>>>>>>>>>>>>>>>>>
[2020-07-14 00:06:54,931] {logging_mixin.py:112} INFO - The Republican National Committee (RNC) announced on Monday that it and President Trump’s reelection campaign are hiring 300 additional staffers – which officials say will bring the combined resources of the Trump Victory field staff to 1,500 by Wednesday.
[2020-07-14 00:06:54,932] {logging_mixin.py:112} INFO - Complete String >>>>>>>>>>>>>>>>
[2020-07-14 00:06:54,932] {logging_mixin.py:112} INFO - Trump reelection ‘behemoth’ expands to 1,500 staffers nationwide. The Republican National Committee (RNC) announced on Monday that it and President Trump’s reelection campaign are hiring 300 additional staffers – which officials say will bring the combined resources of the Trump Victory field staff to 1,500 by Wednesday.
[2020-07-14 00:06:54,933] {logging_mixin.py:112} INFO - Description >>>>>>>>>>>>>>>>>>>>
[2020-07-14 00:06:54,933] {logging_mixin.py:112} INFO - A California woman went missing earlier this month after quarantining alone in the Sierra National Forest, her family said.
[2020-07-14 00:06:54,933] {logging_mixin.py:112} INFO - Complete String >>>>>>>>>>>>>>>>
[2020-07-14 00:06:54,933] {logging_mixin.py:112} INFO - California camper missing after 'quarantining' alone in Sierra National Forest, family says. A California woman went missing earlier this month after quarantining alone in the Sierra National Forest, her family said.
[2020-07-14 00:06:54,934] {logging_mixin.py:112} INFO - Description >>>>>>>>>>>>>>>>>>>>
[2020-07-14 00:06:54,935] {logging_mixin.py:112} INFO - Washington might have an issue when coming up with a new nickname to replace the Redskins, which had been the team’s name since 1933.
[2020-07-14 00:06:54,935] {logging_mixin.py:112} INFO - Complete String >>>>>>>>>>>>>>>>
[2020-07-14 00:06:54,935] {logging_mixin.py:112} INFO - Washington might have tough time replacing Redskins name because of trademark issues: report. Washington might have an issue when coming up with a new nickname to replace the Redskins, which had been the team’s name since 1933.
[2020-07-14 00:06:54,936] {logging_mixin.py:112} INFO - Description >>>>>>>>>>>>>>>>>>>>
[2020-07-14 00:06:54,936] {logging_mixin.py:112} INFO - New York City Mayor Bill de Blasio is vowing Monday that the “heartbreaking” shooting death of a 1-year-old at a family cookout over the weekend is “not anything we can allow in our city.”
[2020-07-14 00:06:54,936] {logging_mixin.py:112} INFO - Complete String >>>>>>>>>>>>>>>>
[2020-07-14 00:06:54,937] {logging_mixin.py:112} INFO - De Blasio reacts to 'heartbreaking' shooting of 1-year-old: 'This is not anything we can allow in our city'. New York City Mayor Bill de Blasio is vowing Monday that the “heartbreaking” shooting death of a 1-year-old at a family cookout over the weekend is “not anything we can allow in our city.”
[2020-07-14 00:06:54,938] {logging_mixin.py:112} INFO - Description >>>>>>>>>>>>>>>>>>>>
[2020-07-14 00:06:54,938] {logging_mixin.py:112} INFO - As the sixth-named storm of the 2020 Atlantic hurricane season lashed the greater New York City area with drenching rain on Friday, officials responded to cries for help from a storm drain.
[2020-07-14 00:06:54,938] {logging_mixin.py:112} INFO - Complete String >>>>>>>>>>>>>>>>
[2020-07-14 00:06:54,938] {logging_mixin.py:112} INFO - Kitten rescued from storm drain as Tropical Storm Fay soaked New York. As the sixth-named storm of the 2020 Atlantic hurricane season lashed the greater New York City area with drenching rain on Friday, officials responded to cries for help from a storm drain.
[2020-07-14 00:06:54,939] {logging_mixin.py:112} INFO - Description >>>>>>>>>>>>>>>>>>>>
[2020-07-14 00:06:54,939] {logging_mixin.py:112} INFO - As New York City confronts an alarming surge in gun violence, the NYPD on Monday reported 28 shootings over the weekend, including one in Brooklyn caught on video that left a man wounded.
[2020-07-14 00:06:54,939] {logging_mixin.py:112} INFO - Complete String >>>>>>>>>>>>>>>>
[2020-07-14 00:06:54,940] {logging_mixin.py:112} INFO - New York City's alarming gun crime surge continued with 28 shootings this weekend. As New York City confronts an alarming surge in gun violence, the NYPD on Monday reported 28 shootings over the weekend, including one in Brooklyn caught on video that left a man wounded.
[2020-07-14 00:06:54,941] {logging_mixin.py:112} INFO - -0.13333333333333333
[2020-07-14 00:06:54,941] {logging_mixin.py:112} INFO - 0.5
[2020-07-14 00:06:54,941] {logging_mixin.py:112} INFO - 0.08276767676767677
[2020-07-14 00:06:54,941] {logging_mixin.py:112} INFO - 5
[2020-07-14 00:06:54,941] {logging_mixin.py:112} INFO - 2
[2020-07-14 00:06:54,941] {python_operator.py:114} INFO - Done. Returned value was: None
[2020-07-14 00:06:54,947] {taskinstance.py:1065} INFO - Marking task as SUCCESS.dag_id=news_fetch, task_id=cnn_news_parser, execution_date=20200711T022500, start_date=20200713T160654, end_date=20200713T160654
[2020-07-14 00:07:04,581] {logging_mixin.py:112} INFO - [2020-07-14 00:07:04,581] {local_task_job.py:103} INFO - Task exited with return code 0
