[2020-07-14 00:09:17,116] {taskinstance.py:669} INFO - Dependencies all met for <TaskInstance: news_fetch.cnn_news_parser 2020-07-11T02:27:00+00:00 [queued]>
[2020-07-14 00:09:17,124] {taskinstance.py:669} INFO - Dependencies all met for <TaskInstance: news_fetch.cnn_news_parser 2020-07-11T02:27:00+00:00 [queued]>
[2020-07-14 00:09:17,124] {taskinstance.py:879} INFO - 
--------------------------------------------------------------------------------
[2020-07-14 00:09:17,124] {taskinstance.py:880} INFO - Starting attempt 1 of 4
[2020-07-14 00:09:17,125] {taskinstance.py:881} INFO - 
--------------------------------------------------------------------------------
[2020-07-14 00:09:17,132] {taskinstance.py:900} INFO - Executing <Task(PythonOperator): cnn_news_parser> on 2020-07-11T02:27:00+00:00
[2020-07-14 00:09:17,136] {standard_task_runner.py:53} INFO - Started process 3787 to run task
[2020-07-14 00:09:17,176] {logging_mixin.py:112} INFO - Running %s on host %s <TaskInstance: news_fetch.cnn_news_parser 2020-07-11T02:27:00+00:00 [running]> tony-ThinkPad-X1-Carbon-7th
[2020-07-14 00:09:17,321] {logging_mixin.py:112} INFO - Description >>>>>>>>>>>>>>>>>>>>
[2020-07-14 00:09:17,321] {logging_mixin.py:112} INFO - Bats offer important clues for the treatment of COVID-19, scientists say.
[2020-07-14 00:09:17,322] {logging_mixin.py:112} INFO - Complete String >>>>>>>>>>>>>>>>
[2020-07-14 00:09:17,322] {logging_mixin.py:112} INFO - Bats offer COVID-19 treatment clues, scientists say. Bats offer important clues for the treatment of COVID-19, scientists say.
[2020-07-14 00:09:17,352] {logging_mixin.py:112} INFO - Description >>>>>>>>>>>>>>>>>>>>
[2020-07-14 00:09:17,352] {logging_mixin.py:112} INFO - A federal judge on Monday ordered the government to explain the “scope” of President Trump’s commutation of longtime GOP operative Roger Stone, including whether the move involved the sentence of incarceration, or also the period of supervised relief.
[2020-07-14 00:09:17,352] {logging_mixin.py:112} INFO - Complete String >>>>>>>>>>>>>>>>
[2020-07-14 00:09:17,352] {logging_mixin.py:112} INFO - Judge orders government to explain 'scope' of Roger Stone commutation. A federal judge on Monday ordered the government to explain the “scope” of President Trump’s commutation of longtime GOP operative Roger Stone, including whether the move involved the sentence of incarceration, or also the period of supervised relief.
[2020-07-14 00:09:17,356] {logging_mixin.py:112} INFO - Description >>>>>>>>>>>>>>>>>>>>
[2020-07-14 00:09:17,356] {logging_mixin.py:112} INFO - The youngest daughter of former South African president and liberation hero Nelson Mandela died Monday at a hospital in Johannesburg, according to reports.
[2020-07-14 00:09:17,356] {logging_mixin.py:112} INFO - Complete String >>>>>>>>>>>>>>>>
[2020-07-14 00:09:17,356] {logging_mixin.py:112} INFO - Nelson Mandela's youngest daughter dead at 59 in Johannesburg. The youngest daughter of former South African president and liberation hero Nelson Mandela died Monday at a hospital in Johannesburg, according to reports.
[2020-07-14 00:09:17,359] {logging_mixin.py:112} INFO - Description >>>>>>>>>>>>>>>>>>>>
[2020-07-14 00:09:17,359] {logging_mixin.py:112} INFO - The World Meteorological Organization said it expects global temperatures will rise "at least" 1 degree Celsius in each year of the next five years, far above levels not seen since the Second Industrial Revolution.
[2020-07-14 00:09:17,359] {logging_mixin.py:112} INFO - Complete String >>>>>>>>>>>>>>>>
[2020-07-14 00:09:17,359] {logging_mixin.py:112} INFO - Earth's average temperature will rise 'at least' 1 degree Celsius over next 5 years, WMO says. The World Meteorological Organization said it expects global temperatures will rise "at least" 1 degree Celsius in each year of the next five years, far above levels not seen since the Second Industrial Revolution.
[2020-07-14 00:09:17,361] {logging_mixin.py:112} INFO - Description >>>>>>>>>>>>>>>>>>>>
[2020-07-14 00:09:17,362] {logging_mixin.py:112} INFO - Walt Disney World has reportedly opened several designated spaces throughout its theme parks where visitors can remove required facial coverings.
[2020-07-14 00:09:17,362] {logging_mixin.py:112} INFO - Complete String >>>>>>>>>>>>>>>>
[2020-07-14 00:09:17,362] {logging_mixin.py:112} INFO - Disney World offering mask-free 'relaxation zones' upon reopening, Twitter calls move 'irresponsible'. Walt Disney World has reportedly opened several designated spaces throughout its theme parks where visitors can remove required facial coverings.
[2020-07-14 00:09:17,364] {logging_mixin.py:112} INFO - Description >>>>>>>>>>>>>>>>>>>>
[2020-07-14 00:09:17,364] {logging_mixin.py:112} INFO - Washington Examiner contributor Byron York said on Monday that the commutation of Roger Stone's sentence was not unprecedented, despite what many critics have claimed.
[2020-07-14 00:09:17,364] {logging_mixin.py:112} INFO - Complete String >>>>>>>>>>>>>>>>
[2020-07-14 00:09:17,364] {logging_mixin.py:112} INFO - Byron York: Trump's commutation of Roger Stone's sentence was not unprecedented. Washington Examiner contributor Byron York said on Monday that the commutation of Roger Stone's sentence was not unprecedented, despite what many critics have claimed.
[2020-07-14 00:09:17,365] {logging_mixin.py:112} INFO - Description >>>>>>>>>>>>>>>>>>>>
[2020-07-14 00:09:17,365] {logging_mixin.py:112} INFO - Ben Stiller understands the backlash surrounding now-President Donald Trump's cameo in his iconic 2001 movie.
[2020-07-14 00:09:17,366] {logging_mixin.py:112} INFO - Complete String >>>>>>>>>>>>>>>>
[2020-07-14 00:09:17,366] {logging_mixin.py:112} INFO - Why Ben Stiller won't cut Donald Trump's cameo from 'Zoolander' movie. Ben Stiller understands the backlash surrounding now-President Donald Trump's cameo in his iconic 2001 movie.
[2020-07-14 00:09:17,367] {logging_mixin.py:112} INFO - Description >>>>>>>>>>>>>>>>>>>>
[2020-07-14 00:09:17,367] {logging_mixin.py:112} INFO - Former Arkansas Gov. Mike Huckabee called New York Rep. Alexandria Ocasio-Cortez’s comments on New York City’s crime uptick “astonishing.”
[2020-07-14 00:09:17,367] {logging_mixin.py:112} INFO - Complete String >>>>>>>>>>>>>>>>
[2020-07-14 00:09:17,368] {logging_mixin.py:112} INFO - Huckabee hits back at AOC's 'astonishing' take on rising NYC crime: 'Absurdity' must be called out. Former Arkansas Gov. Mike Huckabee called New York Rep. Alexandria Ocasio-Cortez’s comments on New York City’s crime uptick “astonishing.”
[2020-07-14 00:09:17,369] {logging_mixin.py:112} INFO - Description >>>>>>>>>>>>>>>>>>>>
[2020-07-14 00:09:17,369] {logging_mixin.py:112} INFO - The Republican National Committee (RNC) announced on Monday that it and President Trump’s reelection campaign are hiring 300 additional staffers – which officials say will bring the combined resources of the Trump Victory field staff to 1,500 by Wednesday.
[2020-07-14 00:09:17,369] {logging_mixin.py:112} INFO - Complete String >>>>>>>>>>>>>>>>
[2020-07-14 00:09:17,369] {logging_mixin.py:112} INFO - Trump reelection ‘behemoth’ expands to 1,500 staffers nationwide. The Republican National Committee (RNC) announced on Monday that it and President Trump’s reelection campaign are hiring 300 additional staffers – which officials say will bring the combined resources of the Trump Victory field staff to 1,500 by Wednesday.
[2020-07-14 00:09:17,371] {logging_mixin.py:112} INFO - Description >>>>>>>>>>>>>>>>>>>>
[2020-07-14 00:09:17,371] {logging_mixin.py:112} INFO - A California woman went missing earlier this month after quarantining alone in the Sierra National Forest, her family said.
[2020-07-14 00:09:17,371] {logging_mixin.py:112} INFO - Complete String >>>>>>>>>>>>>>>>
[2020-07-14 00:09:17,371] {logging_mixin.py:112} INFO - California camper missing after 'quarantining' alone in Sierra National Forest, family says. A California woman went missing earlier this month after quarantining alone in the Sierra National Forest, her family said.
[2020-07-14 00:09:17,372] {logging_mixin.py:112} INFO - -0.13333333333333333
[2020-07-14 00:09:17,373] {logging_mixin.py:112} INFO - 0.5
[2020-07-14 00:09:17,373] {logging_mixin.py:112} INFO - 0.08065656565656568
[2020-07-14 00:09:17,373] {logging_mixin.py:112} INFO - 9
[2020-07-14 00:09:17,373] {logging_mixin.py:112} INFO - 6
[2020-07-14 00:09:17,373] {python_operator.py:114} INFO - Done. Returned value was: None
[2020-07-14 00:09:17,377] {taskinstance.py:1065} INFO - Marking task as SUCCESS.dag_id=news_fetch, task_id=cnn_news_parser, execution_date=20200711T022700, start_date=20200713T160917, end_date=20200713T160917
[2020-07-14 00:09:27,109] {logging_mixin.py:112} INFO - [2020-07-14 00:09:27,108] {local_task_job.py:103} INFO - Task exited with return code 0
