[2020-07-13 23:18:52,528] {taskinstance.py:669} INFO - Dependencies all met for <TaskInstance: news_fetch.cnn_news_parser 2020-07-11T01:18:00+00:00 [queued]>
[2020-07-13 23:18:52,537] {taskinstance.py:669} INFO - Dependencies all met for <TaskInstance: news_fetch.cnn_news_parser 2020-07-11T01:18:00+00:00 [queued]>
[2020-07-13 23:18:52,538] {taskinstance.py:879} INFO - 
--------------------------------------------------------------------------------
[2020-07-13 23:18:52,538] {taskinstance.py:880} INFO - Starting attempt 1 of 4
[2020-07-13 23:18:52,538] {taskinstance.py:881} INFO - 
--------------------------------------------------------------------------------
[2020-07-13 23:18:52,546] {taskinstance.py:900} INFO - Executing <Task(PythonOperator): cnn_news_parser> on 2020-07-11T01:18:00+00:00
[2020-07-13 23:18:52,549] {standard_task_runner.py:53} INFO - Started process 27243 to run task
[2020-07-13 23:18:52,581] {logging_mixin.py:112} INFO - Running %s on host %s <TaskInstance: news_fetch.cnn_news_parser 2020-07-11T01:18:00+00:00 [running]> tony-ThinkPad-X1-Carbon-7th
[2020-07-13 23:18:52,684] {logging_mixin.py:112} INFO - Description >>>>>>>>>>>>>>>>>>>>
[2020-07-13 23:18:52,685] {logging_mixin.py:112} INFO - The Cleveland Indians are officially on the clock.
[2020-07-13 23:18:52,685] {logging_mixin.py:112} INFO - Complete String >>>>>>>>>>>>>>>>
[2020-07-13 23:18:52,685] {logging_mixin.py:112} INFO - Cleveland Indians are likely the next team to change name but it may not come as quickly. The Cleveland Indians are officially on the clock.
[2020-07-13 23:18:52,713] {logging_mixin.py:112} INFO - Description >>>>>>>>>>>>>>>>>>>>
[2020-07-13 23:18:52,713] {logging_mixin.py:112} INFO - The establishment media hypes case numbers as the only measure for coronavirus
[2020-07-13 23:18:52,713] {logging_mixin.py:112} INFO - Complete String >>>>>>>>>>>>>>>>
[2020-07-13 23:18:52,713] {logging_mixin.py:112} INFO - Steve Hilton: Reopen our schools or give me my school money back. The establishment media hypes case numbers as the only measure for coronavirus
[2020-07-13 23:18:52,714] {logging_mixin.py:112} INFO - Description >>>>>>>>>>>>>>>>>>>>
[2020-07-13 23:18:52,714] {logging_mixin.py:112} INFO - Jeep is raining on rival's parade.
[2020-07-13 23:18:52,714] {logging_mixin.py:112} INFO - Complete String >>>>>>>>>>>>>>>>
[2020-07-13 23:18:52,714] {logging_mixin.py:112} INFO - V8-powered Jeep Wrangler crashes Ford Bronco's party. Jeep is raining on rival's parade.
[2020-07-13 23:18:52,715] {logging_mixin.py:112} INFO - Description >>>>>>>>>>>>>>>>>>>>
[2020-07-13 23:18:52,715] {logging_mixin.py:112} INFO - A Pennsylvania police officer was seen putting his knee on a man's neck while trying to restrain him Saturday evening, drawing comparisons to the infamous viral video showing George Floyd before his death that sparked a nationwide reckoning against racial injustice and police brutality.
[2020-07-13 23:18:52,715] {logging_mixin.py:112} INFO - Complete String >>>>>>>>>>>>>>>>
[2020-07-13 23:18:52,715] {logging_mixin.py:112} INFO - Pennsylvania cop kneeling on man's neck draws comparisons to George Floyd, inciting protests, outrage. A Pennsylvania police officer was seen putting his knee on a man's neck while trying to restrain him Saturday evening, drawing comparisons to the infamous viral video showing George Floyd before his death that sparked a nationwide reckoning against racial injustice and police brutality.
[2020-07-13 23:18:52,716] {logging_mixin.py:112} INFO - Description >>>>>>>>>>>>>>>>>>>>
[2020-07-13 23:18:52,716] {logging_mixin.py:112} INFO - Brad Paisley performed at the first of three “Live From the Drive-In” tour dates on Saturday nigh,t and despite the circumstances, he did his best for his fans.
[2020-07-13 23:18:52,716] {logging_mixin.py:112} INFO - Complete String >>>>>>>>>>>>>>>>
[2020-07-13 23:18:52,716] {logging_mixin.py:112} INFO - Brad Paisley thanks fans for 'hopefully once-in-a-lifetime' drive-thru concert amid coronavirus spike. Brad Paisley performed at the first of three “Live From the Drive-In” tour dates on Saturday nigh,t and despite the circumstances, he did his best for his fans.
[2020-07-13 23:18:52,717] {logging_mixin.py:112} INFO - Description >>>>>>>>>>>>>>>>>>>>
[2020-07-13 23:18:52,717] {logging_mixin.py:112} INFO - The Greater Wynnewood Exotic Animal Park, the zoo made famous in the "Tiger King" documentary on Netflix, was searched by police on Friday.
[2020-07-13 23:18:52,717] {logging_mixin.py:112} INFO - Complete String >>>>>>>>>>>>>>>>
[2020-07-13 23:18:52,717] {logging_mixin.py:112} INFO - 'Tiger King' zoo searched by police after human remains were believed to be buried on property. The Greater Wynnewood Exotic Animal Park, the zoo made famous in the "Tiger King" documentary on Netflix, was searched by police on Friday.
[2020-07-13 23:18:52,718] {logging_mixin.py:112} INFO - Description >>>>>>>>>>>>>>>>>>>>
[2020-07-13 23:18:52,718] {logging_mixin.py:112} INFO - Much of the press treated Mr. Unanue's praise of the president as if he had broken some unspoken code.
[2020-07-13 23:18:52,718] {logging_mixin.py:112} INFO - Complete String >>>>>>>>>>>>>>>>
[2020-07-13 23:18:52,718] {logging_mixin.py:112} INFO - Wall Street Journal Editorial Board: Goya CEO right not to give in to paranoia after backlash. Much of the press treated Mr. Unanue's praise of the president as if he had broken some unspoken code.
[2020-07-13 23:18:52,719] {logging_mixin.py:112} INFO - Description >>>>>>>>>>>>>>>>>>>>
[2020-07-13 23:18:52,719] {logging_mixin.py:112} INFO - State and local governments scrambling to raise money during the economic crisis caused by the coronavirus pandemic are looking to increased property taxes -- as well as wealth taxes and more -- to fill budget holes.
[2020-07-13 23:18:52,719] {logging_mixin.py:112} INFO - Complete String >>>>>>>>>>>>>>>>
[2020-07-13 23:18:52,719] {logging_mixin.py:112} INFO - Local governments weigh major tax hikes to plug coronavirus-induced shortfalls. State and local governments scrambling to raise money during the economic crisis caused by the coronavirus pandemic are looking to increased property taxes -- as well as wealth taxes and more -- to fill budget holes.
[2020-07-13 23:18:52,720] {logging_mixin.py:112} INFO - Description >>>>>>>>>>>>>>>>>>>>
[2020-07-13 23:18:52,720] {logging_mixin.py:112} INFO - White House press secretary Kayleigh McEnany called the backlash over Goya CEO Robert Unanue’s praise of President Trump at a White House event last week “unfortunate,” adding that “this is the kind of basket of deplorable politics that the left routinely engages in.”
[2020-07-13 23:18:52,720] {logging_mixin.py:112} INFO - Complete String >>>>>>>>>>>>>>>>
[2020-07-13 23:18:52,720] {logging_mixin.py:112} INFO - McEnany blasts anti-Trump Goya boycott: 'Basket of deplorable politics' now routine on the left. White House press secretary Kayleigh McEnany called the backlash over Goya CEO Robert Unanue’s praise of President Trump at a White House event last week “unfortunate,” adding that “this is the kind of basket of deplorable politics that the left routinely engages in.”
[2020-07-13 23:18:52,721] {logging_mixin.py:112} INFO - Description >>>>>>>>>>>>>>>>>>>>
[2020-07-13 23:18:52,721] {logging_mixin.py:112} INFO - Olivia Culpo, Jasmine Sanders and Kate Bock are heating things up.
[2020-07-13 23:18:52,721] {logging_mixin.py:112} INFO - Complete String >>>>>>>>>>>>>>>>
[2020-07-13 23:18:52,721] {logging_mixin.py:112} INFO - SI Swimsuit models Olivia Culpo, Jasmine Sanders and Kate Bock share 2020 cover. Olivia Culpo, Jasmine Sanders and Kate Bock are heating things up.
[2020-07-13 23:18:52,721] {logging_mixin.py:112} INFO - -0.5
[2020-07-13 23:18:52,722] {logging_mixin.py:112} INFO - 0.3965909090909091
[2020-07-13 23:18:52,722] {logging_mixin.py:112} INFO - 0.011655122655122658
[2020-07-13 23:18:52,722] {logging_mixin.py:112} INFO - 3
[2020-07-13 23:18:52,722] {logging_mixin.py:112} INFO - 4
[2020-07-13 23:18:52,722] {python_operator.py:114} INFO - Done. Returned value was: None
[2020-07-13 23:18:52,725] {taskinstance.py:1065} INFO - Marking task as SUCCESS.dag_id=news_fetch, task_id=cnn_news_parser, execution_date=20200711T011800, start_date=20200713T151852, end_date=20200713T151852
[2020-07-13 23:19:02,524] {logging_mixin.py:112} INFO - [2020-07-13 23:19:02,524] {local_task_job.py:103} INFO - Task exited with return code 0
