[2020-07-13 23:32:13,255] {taskinstance.py:669} INFO - Dependencies all met for <TaskInstance: news_fetch.fox_news_parser 2020-07-11T01:32:00+00:00 [queued]>
[2020-07-13 23:32:13,265] {taskinstance.py:669} INFO - Dependencies all met for <TaskInstance: news_fetch.fox_news_parser 2020-07-11T01:32:00+00:00 [queued]>
[2020-07-13 23:32:13,266] {taskinstance.py:879} INFO - 
--------------------------------------------------------------------------------
[2020-07-13 23:32:13,266] {taskinstance.py:880} INFO - Starting attempt 1 of 4
[2020-07-13 23:32:13,266] {taskinstance.py:881} INFO - 
--------------------------------------------------------------------------------
[2020-07-13 23:32:13,271] {taskinstance.py:900} INFO - Executing <Task(PythonOperator): fox_news_parser> on 2020-07-11T01:32:00+00:00
[2020-07-13 23:32:13,273] {standard_task_runner.py:53} INFO - Started process 29446 to run task
[2020-07-13 23:32:13,303] {logging_mixin.py:112} INFO - Running %s on host %s <TaskInstance: news_fetch.fox_news_parser 2020-07-11T01:32:00+00:00 [running]> tony-ThinkPad-X1-Carbon-7th
[2020-07-13 23:32:13,495] {logging_mixin.py:112} INFO - Description >>>>>>>>>>>>>>>>>>>>
[2020-07-13 23:32:13,495] {logging_mixin.py:112} INFO - Florida's staggering new single-day US state record of coronavirus cases underscores how the aggressive opening strategy championed by President Donald Trump and allied governors is turning into one of the worst political and economic calls in modern history.
[2020-07-13 23:32:13,495] {logging_mixin.py:112} INFO - 
[2020-07-13 23:32:13,495] {logging_mixin.py:112} INFO - Complete String >>>>>>>>>>>>>>>>
[2020-07-13 23:32:13,495] {logging_mixin.py:112} INFO - The White House attacks the reputation of America's top expert as a dangerous Covid-19 hotspot underscores one of history's worst political calls. Florida's staggering new single-day US state record of coronavirus cases underscores how the aggressive opening strategy championed by President Donald Trump and allied governors is turning into one of the worst political and economic calls in modern history.
[2020-07-13 23:32:13,495] {logging_mixin.py:112} INFO - 
[2020-07-13 23:32:13,523] {logging_mixin.py:112} INFO - Description >>>>>>>>>>>>>>>>>>>>
[2020-07-13 23:32:13,523] {logging_mixin.py:112} INFO - As coronavirus cases surge in the United States, the White House is taking aim at the nation's top infectious disease expert, Dr. Anthony Fauci. CNN's Dr. Sanjay Gupta reports.
[2020-07-13 23:32:13,523] {logging_mixin.py:112} INFO - 
[2020-07-13 23:32:13,523] {logging_mixin.py:112} INFO - Complete String >>>>>>>>>>>>>>>>
[2020-07-13 23:32:13,523] {logging_mixin.py:112} INFO - White House cites this interview in attempt to discredit Dr. Fauci. As coronavirus cases surge in the United States, the White House is taking aim at the nation's top infectious disease expert, Dr. Anthony Fauci. CNN's Dr. Sanjay Gupta reports.
[2020-07-13 23:32:13,523] {logging_mixin.py:112} INFO - 
[2020-07-13 23:32:13,524] {logging_mixin.py:112} INFO - Description >>>>>>>>>>>>>>>>>>>>
[2020-07-13 23:32:13,524] {logging_mixin.py:112} INFO - As coronavirus cases surge in the United States, the White House is taking aim at the nation's top infectious disease expert, Dr. Anthony Fauci.
[2020-07-13 23:32:13,524] {logging_mixin.py:112} INFO - 
[2020-07-13 23:32:13,524] {logging_mixin.py:112} INFO - Complete String >>>>>>>>>>>>>>>>
[2020-07-13 23:32:13,524] {logging_mixin.py:112} INFO - Fauci's 'good press' a source of irritation for Trump. As coronavirus cases surge in the United States, the White House is taking aim at the nation's top infectious disease expert, Dr. Anthony Fauci.
[2020-07-13 23:32:13,524] {logging_mixin.py:112} INFO - 
[2020-07-13 23:32:13,524] {logging_mixin.py:112} INFO - Description >>>>>>>>>>>>>>>>>>>>
[2020-07-13 23:32:13,524] {logging_mixin.py:112} INFO - Democratic Rep. Adam Schiff weighs in on reports that White House officials are raising questions about Dr. Anthony Fauci for openly disagreeing with President Donald Trump in favor of science.
[2020-07-13 23:32:13,524] {logging_mixin.py:112} INFO - 
[2020-07-13 23:32:13,525] {logging_mixin.py:112} INFO - Complete String >>>>>>>>>>>>>>>>
[2020-07-13 23:32:13,525] {logging_mixin.py:112} INFO - 'Atrocious': Adam Schiff reacts to attempt at discrediting Fauci. Democratic Rep. Adam Schiff weighs in on reports that White House officials are raising questions about Dr. Anthony Fauci for openly disagreeing with President Donald Trump in favor of science.
[2020-07-13 23:32:13,525] {logging_mixin.py:112} INFO - 
[2020-07-13 23:32:13,525] {logging_mixin.py:112} INFO - Description >>>>>>>>>>>>>>>>>>>>
[2020-07-13 23:32:13,525] {logging_mixin.py:112} INFO - Mark Urquiza had been battling Covid-19 for more than three weeks before he died in an Arizona hospital on June 30th, his daughter Kristin Urquiza wrote in an obituary.
[2020-07-13 23:32:13,525] {logging_mixin.py:112} INFO - 
[2020-07-13 23:32:13,525] {logging_mixin.py:112} INFO - Complete String >>>>>>>>>>>>>>>>
[2020-07-13 23:32:13,525] {logging_mixin.py:112} INFO - Grieving daughter called out politicians for 'lack of leadership'. Mark Urquiza had been battling Covid-19 for more than three weeks before he died in an Arizona hospital on June 30th, his daughter Kristin Urquiza wrote in an obituary.
[2020-07-13 23:32:13,525] {logging_mixin.py:112} INFO - 
[2020-07-13 23:32:13,526] {logging_mixin.py:112} INFO - Description >>>>>>>>>>>>>>>>>>>>
[2020-07-13 23:32:13,526] {logging_mixin.py:112} INFO - Parents with jobs know they have dodged one bullet of the economic fallout of the coronavirus pandemic -- they still have paychecks coming in, unlike 40 million unemployed Americans.
[2020-07-13 23:32:13,526] {logging_mixin.py:112} INFO - 
[2020-07-13 23:32:13,526] {logging_mixin.py:112} INFO - Complete String >>>>>>>>>>>>>>>>
[2020-07-13 23:32:13,526] {logging_mixin.py:112} INFO - Disappearing day care slots are hitting parents trying to get back to work. Parents with jobs know they have dodged one bullet of the economic fallout of the coronavirus pandemic -- they still have paychecks coming in, unlike 40 million unemployed Americans.
[2020-07-13 23:32:13,526] {logging_mixin.py:112} INFO - 
[2020-07-13 23:32:13,527] {logging_mixin.py:112} INFO - Description >>>>>>>>>>>>>>>>>>>>
[2020-07-13 23:32:13,527] {logging_mixin.py:112} INFO - Mormon church leaders are imploring followers to wear masks in public to defend against the coronavirus as temples reopen and church activities resume.
[2020-07-13 23:32:13,527] {logging_mixin.py:112} INFO - 
[2020-07-13 23:32:13,527] {logging_mixin.py:112} INFO - Complete String >>>>>>>>>>>>>>>>
[2020-07-13 23:32:13,527] {logging_mixin.py:112} INFO - Mormon leaders ask church members to wear face masks in public to defend against coronavirus. Mormon church leaders are imploring followers to wear masks in public to defend against the coronavirus as temples reopen and church activities resume.
[2020-07-13 23:32:13,527] {logging_mixin.py:112} INFO - 
[2020-07-13 23:32:13,527] {logging_mixin.py:112} INFO - Description >>>>>>>>>>>>>>>>>>>>
[2020-07-13 23:32:13,527] {logging_mixin.py:112} INFO - • Mormon leaders ask church members to wear face masks in public to defend against coronavirus
[2020-07-13 23:32:13,527] {logging_mixin.py:112} INFO - 
[2020-07-13 23:32:13,527] {logging_mixin.py:112} INFO - Complete String >>>>>>>>>>>>>>>>
[2020-07-13 23:32:13,527] {logging_mixin.py:112} INFO - Hundreds of people gathered at a lake. Now some have Covid-19. • Mormon leaders ask church members to wear face masks in public to defend against coronavirus
[2020-07-13 23:32:13,527] {logging_mixin.py:112} INFO - 
[2020-07-13 23:32:13,528] {logging_mixin.py:112} INFO - Description >>>>>>>>>>>>>>>>>>>>
[2020-07-13 23:32:13,528] {logging_mixin.py:112} INFO - • Teacher dies of Covid-19 after working in summer classroom
• Teachers worry about how we'll keep them safe if their schools reopen
• What we know about coronavirus risks to school age children
[2020-07-13 23:32:13,528] {logging_mixin.py:112} INFO - 
[2020-07-13 23:32:13,528] {logging_mixin.py:112} INFO - Complete String >>>>>>>>>>>>>>>>
[2020-07-13 23:32:13,528] {logging_mixin.py:112} INFO - Pediatrician: The truth about reopening schools during Covid. • Teacher dies of Covid-19 after working in summer classroom
• Teachers worry about how we'll keep them safe if their schools reopen
• What we know about coronavirus risks to school age children
[2020-07-13 23:32:13,528] {logging_mixin.py:112} INFO - 
[2020-07-13 23:32:13,529] {logging_mixin.py:112} INFO - Description >>>>>>>>>>>>>>>>>>>>
[2020-07-13 23:32:13,529] {logging_mixin.py:112} INFO - • US hotspot exceeds most countries in the world in reporting new cases
• Live updates: Two countries accounted for 50% of new cases worldwide yesterday, WHO says
[2020-07-13 23:32:13,529] {logging_mixin.py:112} INFO - 
[2020-07-13 23:32:13,529] {logging_mixin.py:112} INFO - Complete String >>>>>>>>>>>>>>>>
[2020-07-13 23:32:13,529] {logging_mixin.py:112} INFO - NYC reports no Covid-19 deaths in 24-hour period for the first time. • US hotspot exceeds most countries in the world in reporting new cases
• Live updates: Two countries accounted for 50% of new cases worldwide yesterday, WHO says
[2020-07-13 23:32:13,529] {logging_mixin.py:112} INFO - 
[2020-07-13 23:32:13,529] {logging_mixin.py:112} INFO - Description >>>>>>>>>>>>>>>>>>>>
[2020-07-13 23:32:13,529] {logging_mixin.py:112} INFO - Actress Kelly Preston died after losing her battle with breast cancer, her husband John Travolta said in a post on Instagram Sunday. She was 57 years old.
[2020-07-13 23:32:13,529] {logging_mixin.py:112} INFO - 
[2020-07-13 23:32:13,530] {logging_mixin.py:112} INFO - Complete String >>>>>>>>>>>>>>>>
[2020-07-13 23:32:13,530] {logging_mixin.py:112} INFO - Actress Kelly Preston dead at 57. Actress Kelly Preston died after losing her battle with breast cancer, her husband John Travolta said in a post on Instagram Sunday. She was 57 years old.
[2020-07-13 23:32:13,530] {logging_mixin.py:112} INFO - 
[2020-07-13 23:32:13,530] {logging_mixin.py:112} INFO - Description >>>>>>>>>>>>>>>>>>>>
[2020-07-13 23:32:13,530] {logging_mixin.py:112} INFO - The National Football League's Washington franchise will change the Redskins name and logo, the team announced Monday in a statement.
[2020-07-13 23:32:13,530] {logging_mixin.py:112} INFO - 
[2020-07-13 23:32:13,530] {logging_mixin.py:112} INFO - Complete String >>>>>>>>>>>>>>>>
[2020-07-13 23:32:13,530] {logging_mixin.py:112} INFO - NFL's Washington Redskins will change name and logo, team says. The National Football League's Washington franchise will change the Redskins name and logo, the team announced Monday in a statement.
[2020-07-13 23:32:13,530] {logging_mixin.py:112} INFO - 
[2020-07-13 23:32:13,531] {logging_mixin.py:112} INFO - Description >>>>>>>>>>>>>>>>>>>>
[2020-07-13 23:32:13,531] {logging_mixin.py:112} INFO - Zindzi Mandela, South Africa's Ambassador to Denmark and daughter of anti-apartheid icons Nelson and Winnie Mandela, has died at the age of 59, the South African Department of International Relations and Cooperation said Monday.
[2020-07-13 23:32:13,531] {logging_mixin.py:112} INFO - 
[2020-07-13 23:32:13,531] {logging_mixin.py:112} INFO - Complete String >>>>>>>>>>>>>>>>
[2020-07-13 23:32:13,531] {logging_mixin.py:112} INFO - Nelson Mandela's daughter dead at 59. Zindzi Mandela, South Africa's Ambassador to Denmark and daughter of anti-apartheid icons Nelson and Winnie Mandela, has died at the age of 59, the South African Department of International Relations and Cooperation said Monday.
[2020-07-13 23:32:13,531] {logging_mixin.py:112} INFO - 
[2020-07-13 23:32:13,531] {logging_mixin.py:112} INFO - Description >>>>>>>>>>>>>>>>>>>>
[2020-07-13 23:32:13,532] {logging_mixin.py:112} INFO - Elvis Presley's grandson Benjamin Keough has died, a representative for his mother, Lisa Marie Presley, said. He was 27.
[2020-07-13 23:32:13,532] {logging_mixin.py:112} INFO - 
[2020-07-13 23:32:13,532] {logging_mixin.py:112} INFO - Complete String >>>>>>>>>>>>>>>>
[2020-07-13 23:32:13,532] {logging_mixin.py:112} INFO - Grandson of Elvis Presley dies at 27. Elvis Presley's grandson Benjamin Keough has died, a representative for his mother, Lisa Marie Presley, said. He was 27.
[2020-07-13 23:32:13,532] {logging_mixin.py:112} INFO - 
[2020-07-13 23:32:13,532] {logging_mixin.py:112} INFO - Description >>>>>>>>>>>>>>>>>>>>
[2020-07-13 23:32:13,532] {logging_mixin.py:112} INFO - • Lindsey Graham says he will ask Mueller to testify before Senate panel
• Mueller breaks his silence on Roger Stone
[2020-07-13 23:32:13,532] {logging_mixin.py:112} INFO - 
[2020-07-13 23:32:13,532] {logging_mixin.py:112} INFO - Complete String >>>>>>>>>>>>>>>>
[2020-07-13 23:32:13,532] {logging_mixin.py:112} INFO - Opinion: It is time for New York to answer Trump's latest assault on the rule of law. • Lindsey Graham says he will ask Mueller to testify before Senate panel
• Mueller breaks his silence on Roger Stone
[2020-07-13 23:32:13,532] {logging_mixin.py:112} INFO - 
[2020-07-13 23:32:13,533] {logging_mixin.py:112} INFO - Description >>>>>>>>>>>>>>>>>>>>
[2020-07-13 23:32:13,533] {logging_mixin.py:112} INFO - President Donald Trump's decision to commute the sentence of longtime political confidant Roger Stone late Friday night drew the usual outrage from Democrats and silence from Republicans -- yet another norm busted by a man who seems to revel in doing things that no one who has held the job in the past would even consider.
[2020-07-13 23:32:13,533] {logging_mixin.py:112} INFO - 
[2020-07-13 23:32:13,533] {logging_mixin.py:112} INFO - Complete String >>>>>>>>>>>>>>>>
[2020-07-13 23:32:13,533] {logging_mixin.py:112} INFO - Analysis: Trump's commutation of Roger Stone's sentence is even worse than it looks. President Donald Trump's decision to commute the sentence of longtime political confidant Roger Stone late Friday night drew the usual outrage from Democrats and silence from Republicans -- yet another norm busted by a man who seems to revel in doing things that no one who has held the job in the past would even consider.
[2020-07-13 23:32:13,533] {logging_mixin.py:112} INFO - 
[2020-07-13 23:32:13,534] {logging_mixin.py:112} INFO - Description >>>>>>>>>>>>>>>>>>>>
[2020-07-13 23:32:13,534] {logging_mixin.py:112} INFO - Iconic Bollywood actress Aishwarya Rai Bachchan and her daughter, Aaradhya, tested positive for coronavirus following news that Aishwarya's husband and father-in-law were hospitalized with the virus.
[2020-07-13 23:32:13,534] {logging_mixin.py:112} INFO - 
[2020-07-13 23:32:13,534] {logging_mixin.py:112} INFO - Complete String >>>>>>>>>>>>>>>>
[2020-07-13 23:32:13,534] {logging_mixin.py:112} INFO - Bollywood star, once dubbed 'The Most Beautiful Woman,' tests positive for Covid-19. Iconic Bollywood actress Aishwarya Rai Bachchan and her daughter, Aaradhya, tested positive for coronavirus following news that Aishwarya's husband and father-in-law were hospitalized with the virus.
[2020-07-13 23:32:13,534] {logging_mixin.py:112} INFO - 
[2020-07-13 23:32:13,534] {logging_mixin.py:112} INFO - Description >>>>>>>>>>>>>>>>>>>>
[2020-07-13 23:32:13,534] {logging_mixin.py:112} INFO - An emergency room physician from Arizona, which saw a recent spike in coronavirus cases, discusses a claim made by President Trump that a majority of coronavirus patients "automatically get better."
[2020-07-13 23:32:13,534] {logging_mixin.py:112} INFO - 
[2020-07-13 23:32:13,535] {logging_mixin.py:112} INFO - Complete String >>>>>>>>>>>>>>>>
[2020-07-13 23:32:13,535] {logging_mixin.py:112} INFO - ER doctor reacts to Trump's claim: It's a preposterous thought. An emergency room physician from Arizona, which saw a recent spike in coronavirus cases, discusses a claim made by President Trump that a majority of coronavirus patients "automatically get better."
[2020-07-13 23:32:13,535] {logging_mixin.py:112} INFO - 
[2020-07-13 23:32:13,535] {logging_mixin.py:112} INFO - Description >>>>>>>>>>>>>>>>>>>>
[2020-07-13 23:32:13,535] {logging_mixin.py:112} INFO - Ramon Abbas openly flaunted a lavish lifestyle of private jets, designer clothes and luxury cars.
[2020-07-13 23:32:13,535] {logging_mixin.py:112} INFO - 
[2020-07-13 23:32:13,535] {logging_mixin.py:112} INFO - Complete String >>>>>>>>>>>>>>>>
[2020-07-13 23:32:13,535] {logging_mixin.py:112} INFO - He flaunted jets and wads of cash to 2.5 million followers. Then Feds found his posts. Ramon Abbas openly flaunted a lavish lifestyle of private jets, designer clothes and luxury cars.
[2020-07-13 23:32:13,535] {logging_mixin.py:112} INFO - 
[2020-07-13 23:32:13,536] {logging_mixin.py:112} INFO - Description >>>>>>>>>>>>>>>>>>>>
[2020-07-13 23:32:13,536] {logging_mixin.py:112} INFO - In June, South African President Cyril Ramaphosa said the country is battling dual pandemics: coronavirus and gender-based violence. In 2019, there were nearly 180,000 violent crimes against women and almost 3,000 murders. CNN's David McKenzie reports.
[2020-07-13 23:32:13,536] {logging_mixin.py:112} INFO - 
[2020-07-13 23:32:13,536] {logging_mixin.py:112} INFO - Complete String >>>>>>>>>>>>>>>>
[2020-07-13 23:32:13,536] {logging_mixin.py:112} INFO - This president says his country is battling two pandemics. In June, South African President Cyril Ramaphosa said the country is battling dual pandemics: coronavirus and gender-based violence. In 2019, there were nearly 180,000 violent crimes against women and almost 3,000 murders. CNN's David McKenzie reports.
[2020-07-13 23:32:13,536] {logging_mixin.py:112} INFO - 
[2020-07-13 23:32:13,537] {logging_mixin.py:112} INFO - Description >>>>>>>>>>>>>>>>>>>>
[2020-07-13 23:32:13,537] {logging_mixin.py:112} INFO - Beijing has announced sanctions against United States officials, including Senators Marco Rubio and Ted Cruz, in  retaliation for measures announced by Washington last week over Beijing's alleged human rights abuses in Xinjiang.
[2020-07-13 23:32:13,537] {logging_mixin.py:112} INFO - 
[2020-07-13 23:32:13,537] {logging_mixin.py:112} INFO - Complete String >>>>>>>>>>>>>>>>
[2020-07-13 23:32:13,537] {logging_mixin.py:112} INFO - China announces retaliatory sanctions on US. Beijing has announced sanctions against United States officials, including Senators Marco Rubio and Ted Cruz, in  retaliation for measures announced by Washington last week over Beijing's alleged human rights abuses in Xinjiang.
[2020-07-13 23:32:13,537] {logging_mixin.py:112} INFO - 
[2020-07-13 23:32:13,537] {logging_mixin.py:112} INFO - Description >>>>>>>>>>>>>>>>>>>>
[2020-07-13 23:32:13,537] {logging_mixin.py:112} INFO - YouTube star Nicole Thea has died at the age of 24, along with her unborn baby.
[2020-07-13 23:32:13,537] {logging_mixin.py:112} INFO - 
[2020-07-13 23:32:13,537] {logging_mixin.py:112} INFO - Complete String >>>>>>>>>>>>>>>>
[2020-07-13 23:32:13,537] {logging_mixin.py:112} INFO - Nicole Thea, 24-year-old YouTube star, dies along with unborn child. YouTube star Nicole Thea has died at the age of 24, along with her unborn baby.
[2020-07-13 23:32:13,537] {logging_mixin.py:112} INFO - 
[2020-07-13 23:32:13,538] {logging_mixin.py:112} INFO - Description >>>>>>>>>>>>>>>>>>>>
[2020-07-13 23:32:13,538] {logging_mixin.py:112} INFO - Airlines are hoping new safety measures will reassure travelers enough to resume flying despite the ongoing coronavirus pandemic, but some say they're staying on the ground until the crisis is well and truly over.
[2020-07-13 23:32:13,538] {logging_mixin.py:112} INFO - 
[2020-07-13 23:32:13,538] {logging_mixin.py:112} INFO - Complete String >>>>>>>>>>>>>>>>
[2020-07-13 23:32:13,538] {logging_mixin.py:112} INFO - The people who say they're not flying until there's a vaccine. Airlines are hoping new safety measures will reassure travelers enough to resume flying despite the ongoing coronavirus pandemic, but some say they're staying on the ground until the crisis is well and truly over.
[2020-07-13 23:32:13,538] {logging_mixin.py:112} INFO - 
[2020-07-13 23:32:13,539] {logging_mixin.py:112} INFO - Description >>>>>>>>>>>>>>>>>>>>
[2020-07-13 23:32:13,539] {logging_mixin.py:112} INFO - United States military personnel on the Japanese island of Okinawa are on virtual lockdown after almost 100 cases of coronavirus have emerged on several US Marine Corps bases there.
[2020-07-13 23:32:13,539] {logging_mixin.py:112} INFO - 
[2020-07-13 23:32:13,539] {logging_mixin.py:112} INFO - Complete String >>>>>>>>>>>>>>>>
[2020-07-13 23:32:13,539] {logging_mixin.py:112} INFO - US military bases hit by Covid-19 as outbreak worsens. United States military personnel on the Japanese island of Okinawa are on virtual lockdown after almost 100 cases of coronavirus have emerged on several US Marine Corps bases there.
[2020-07-13 23:32:13,539] {logging_mixin.py:112} INFO - 
[2020-07-13 23:32:13,539] {logging_mixin.py:112} INFO - Description >>>>>>>>>>>>>>>>>>>>
[2020-07-13 23:32:13,539] {logging_mixin.py:112} INFO - Federal and Navy firefighters are continuing to battle a blaze aboard the USS Bonhomme Richard more than 15 hours after the fire first broke out Sunday morning.
[2020-07-13 23:32:13,539] {logging_mixin.py:112} INFO - 
[2020-07-13 23:32:13,540] {logging_mixin.py:112} INFO - Complete String >>>>>>>>>>>>>>>>
[2020-07-13 23:32:13,540] {logging_mixin.py:112} INFO - Firefighters battle blaze on naval ship. Federal and Navy firefighters are continuing to battle a blaze aboard the USS Bonhomme Richard more than 15 hours after the fire first broke out Sunday morning.
[2020-07-13 23:32:13,540] {logging_mixin.py:112} INFO - 
[2020-07-13 23:32:13,540] {logging_mixin.py:112} INFO - Description >>>>>>>>>>>>>>>>>>>>
[2020-07-13 23:32:13,540] {logging_mixin.py:112} INFO - One person is missing and four others were injured in what is believed to be an electrocution incident at an Arizona lake Sunday.
[2020-07-13 23:32:13,540] {logging_mixin.py:112} INFO - 
[2020-07-13 23:32:13,540] {logging_mixin.py:112} INFO - Complete String >>>>>>>>>>>>>>>>
[2020-07-13 23:32:13,540] {logging_mixin.py:112} INFO - 1 missing in suspected electrocution incident at a marina. One person is missing and four others were injured in what is believed to be an electrocution incident at an Arizona lake Sunday.
[2020-07-13 23:32:13,540] {logging_mixin.py:112} INFO - 
[2020-07-13 23:32:13,541] {logging_mixin.py:112} INFO - Description >>>>>>>>>>>>>>>>>>>>
[2020-07-13 23:32:13,541] {logging_mixin.py:112} INFO - Scientists are studying the climate impact of the spread of algae that is turning snow pink in the Italian Alps.
[2020-07-13 23:32:13,541] {logging_mixin.py:112} INFO - 
[2020-07-13 23:32:13,541] {logging_mixin.py:112} INFO - Complete String >>>>>>>>>>>>>>>>
[2020-07-13 23:32:13,541] {logging_mixin.py:112} INFO - Italian Alps experiencing a colorful phenomenon. Scientists are studying the climate impact of the spread of algae that is turning snow pink in the Italian Alps.
[2020-07-13 23:32:13,541] {logging_mixin.py:112} INFO - 
[2020-07-13 23:32:13,541] {logging_mixin.py:112} INFO - Description >>>>>>>>>>>>>>>>>>>>
[2020-07-13 23:32:13,541] {logging_mixin.py:112} INFO - People are fascinated by August Alsina's "entanglement" with Jada Pinkett Smith, but the singer seems less than thrilled with all the attention.
[2020-07-13 23:32:13,542] {logging_mixin.py:112} INFO - 
[2020-07-13 23:32:13,542] {logging_mixin.py:112} INFO - Complete String >>>>>>>>>>>>>>>>
[2020-07-13 23:32:13,542] {logging_mixin.py:112} INFO - What August Alsina said after Jada Pinkett Smith and Will Smith's 'Red Table Talk'. People are fascinated by August Alsina's "entanglement" with Jada Pinkett Smith, but the singer seems less than thrilled with all the attention.
[2020-07-13 23:32:13,542] {logging_mixin.py:112} INFO - 
[2020-07-13 23:32:13,542] {logging_mixin.py:112} INFO - Description >>>>>>>>>>>>>>>>>>>>
[2020-07-13 23:32:13,542] {logging_mixin.py:112} INFO - Penguins from the Shedd Aquarium spent the day at the Field Museum checking out their ancestors, like the T. Rex.
[2020-07-13 23:32:13,542] {logging_mixin.py:112} INFO - 
[2020-07-13 23:32:13,542] {logging_mixin.py:112} INFO - Complete String >>>>>>>>>>>>>>>>
[2020-07-13 23:32:13,542] {logging_mixin.py:112} INFO - Penguins take field trip to Chicago museum. Penguins from the Shedd Aquarium spent the day at the Field Museum checking out their ancestors, like the T. Rex.
[2020-07-13 23:32:13,542] {logging_mixin.py:112} INFO - 
[2020-07-13 23:32:13,543] {logging_mixin.py:112} INFO - Description >>>>>>>>>>>>>>>>>>>>
[2020-07-13 23:32:13,543] {logging_mixin.py:112} INFO - Powered by ultra-low interest rates, corporate borrowing was already at an-all time high before the pandemic. Now, as cash-strapped companies frantically try to shore up their balance sheets, debts are expected to get even bigger.
[2020-07-13 23:32:13,543] {logging_mixin.py:112} INFO - 
[2020-07-13 23:32:13,543] {logging_mixin.py:112} INFO - Complete String >>>>>>>>>>>>>>>>
[2020-07-13 23:32:13,543] {logging_mixin.py:112} INFO - Companies take on another $1 trillion in debt. Powered by ultra-low interest rates, corporate borrowing was already at an-all time high before the pandemic. Now, as cash-strapped companies frantically try to shore up their balance sheets, debts are expected to get even bigger.
[2020-07-13 23:32:13,543] {logging_mixin.py:112} INFO - 
[2020-07-13 23:32:13,544] {logging_mixin.py:112} INFO - Description >>>>>>>>>>>>>>>>>>>>
[2020-07-13 23:32:13,544] {logging_mixin.py:112} INFO - The remains of the Palace of Auburn Hills was demolished. The Stadium hosted the Detroit Pistons from 1988 to 2017.
[2020-07-13 23:32:13,544] {logging_mixin.py:112} INFO - 
[2020-07-13 23:32:13,544] {logging_mixin.py:112} INFO - Complete String >>>>>>>>>>>>>>>>
[2020-07-13 23:32:13,544] {logging_mixin.py:112} INFO - Watch implosion of Detroit Pistons old arena. The remains of the Palace of Auburn Hills was demolished. The Stadium hosted the Detroit Pistons from 1988 to 2017.
[2020-07-13 23:32:13,544] {logging_mixin.py:112} INFO - 
[2020-07-13 23:32:13,545] {logging_mixin.py:112} INFO - Description >>>>>>>>>>>>>>>>>>>>
[2020-07-13 23:32:13,545] {logging_mixin.py:112} INFO - Even after hundreds of miles into his two-wheel journey, Kleon Papadimitriou says he still wasn't sure he'd make it home.
[2020-07-13 23:32:13,545] {logging_mixin.py:112} INFO - 
[2020-07-13 23:32:13,545] {logging_mixin.py:112} INFO - Complete String >>>>>>>>>>>>>>>>
[2020-07-13 23:32:13,545] {logging_mixin.py:112} INFO - Stuck thousands of miles away from his family, he bought a bike and started the 48-day ride. Even after hundreds of miles into his two-wheel journey, Kleon Papadimitriou says he still wasn't sure he'd make it home.
[2020-07-13 23:32:13,545] {logging_mixin.py:112} INFO - 
[2020-07-13 23:32:13,546] {logging_mixin.py:112} INFO - Description >>>>>>>>>>>>>>>>>>>>
[2020-07-13 23:32:13,546] {logging_mixin.py:112} INFO - Just thinking about the end of July fills Cathy Munzer with terror. That's when the extra $600 in weekly federal unemployment benefits is set to expire, with no sign of agreement in Congress on an extension.
[2020-07-13 23:32:13,546] {logging_mixin.py:112} INFO - 
[2020-07-13 23:32:13,546] {logging_mixin.py:112} INFO - Complete String >>>>>>>>>>>>>>>>
[2020-07-13 23:32:13,546] {logging_mixin.py:112} INFO - 'I beg them': Still-unemployed workers plead for Congress to extend federal $600 benefit. Just thinking about the end of July fills Cathy Munzer with terror. That's when the extra $600 in weekly federal unemployment benefits is set to expire, with no sign of agreement in Congress on an extension.
[2020-07-13 23:32:13,546] {logging_mixin.py:112} INFO - 
[2020-07-13 23:32:13,547] {logging_mixin.py:112} INFO - Description >>>>>>>>>>>>>>>>>>>>
[2020-07-13 23:32:13,547] {logging_mixin.py:112} INFO - The magical world of Disney has implemented quite a few changes as the Magic Kingdom Park reopened to visitors in Florida this weekend.
[2020-07-13 23:32:13,547] {logging_mixin.py:112} INFO - 
[2020-07-13 23:32:13,547] {logging_mixin.py:112} INFO - Complete String >>>>>>>>>>>>>>>>
[2020-07-13 23:32:13,547] {logging_mixin.py:112} INFO - Disney won't give you a picture from your ride if you don't wear a mask. The magical world of Disney has implemented quite a few changes as the Magic Kingdom Park reopened to visitors in Florida this weekend.
[2020-07-13 23:32:13,547] {logging_mixin.py:112} INFO - 
[2020-07-13 23:32:13,547] {logging_mixin.py:112} INFO - Description >>>>>>>>>>>>>>>>>>>>
[2020-07-13 23:32:13,547] {logging_mixin.py:112} INFO - States across the country are beginning to roll back heart-wrenching policies instituted when the coronavirus pandemic began and allow in-person visits at nursing homes and assisted living centers, offering relief to frustrated families.
[2020-07-13 23:32:13,547] {logging_mixin.py:112} INFO - 
[2020-07-13 23:32:13,547] {logging_mixin.py:112} INFO - Complete String >>>>>>>>>>>>>>>>
[2020-07-13 23:32:13,547] {logging_mixin.py:112} INFO - Visits to nursing homes resume in half of US states to the relief of families. States across the country are beginning to roll back heart-wrenching policies instituted when the coronavirus pandemic began and allow in-person visits at nursing homes and assisted living centers, offering relief to frustrated families.
[2020-07-13 23:32:13,548] {logging_mixin.py:112} INFO - 
[2020-07-13 23:32:13,548] {logging_mixin.py:112} INFO - Description >>>>>>>>>>>>>>>>>>>>
[2020-07-13 23:32:13,548] {logging_mixin.py:112} INFO - 
[2020-07-13 23:32:13,548] {logging_mixin.py:112} INFO - 
[2020-07-13 23:32:13,548] {logging_mixin.py:112} INFO - Complete String >>>>>>>>>>>>>>>>
[2020-07-13 23:32:13,548] {logging_mixin.py:112} INFO - Your big questions about race, answered.
[2020-07-13 23:32:13,548] {logging_mixin.py:112} INFO - 
[2020-07-13 23:32:13,549] {logging_mixin.py:112} INFO - Description >>>>>>>>>>>>>>>>>>>>
[2020-07-13 23:32:13,549] {logging_mixin.py:112} INFO - 
[2020-07-13 23:32:13,549] {logging_mixin.py:112} INFO - 
[2020-07-13 23:32:13,549] {logging_mixin.py:112} INFO - Complete String >>>>>>>>>>>>>>>>
[2020-07-13 23:32:13,549] {logging_mixin.py:112} INFO - What is White privilege?.
[2020-07-13 23:32:13,549] {logging_mixin.py:112} INFO - 
[2020-07-13 23:32:13,549] {logging_mixin.py:112} INFO - Description >>>>>>>>>>>>>>>>>>>>
[2020-07-13 23:32:13,549] {logging_mixin.py:112} INFO - 
[2020-07-13 23:32:13,549] {logging_mixin.py:112} INFO - 
[2020-07-13 23:32:13,550] {logging_mixin.py:112} INFO - Complete String >>>>>>>>>>>>>>>>
[2020-07-13 23:32:13,550] {logging_mixin.py:112} INFO - Can people of color be racist?.
[2020-07-13 23:32:13,550] {logging_mixin.py:112} INFO - 
[2020-07-13 23:32:13,550] {logging_mixin.py:112} INFO - Description >>>>>>>>>>>>>>>>>>>>
[2020-07-13 23:32:13,550] {logging_mixin.py:112} INFO - Although we're surrounded by millions of them every day, most of us don't think about bricks too often. For thousands of years, the humble clay-fired brick hasn't changed. The building blocks of modern suburban homes would be familiar to the city planners of ancient Babylon, the bricklayers of the Great Wall of China, or the builders of Moscow's Saint Basil's Cathedral.
[2020-07-13 23:32:13,550] {logging_mixin.py:112} INFO - 
[2020-07-13 23:32:13,550] {logging_mixin.py:112} INFO - Complete String >>>>>>>>>>>>>>>>
[2020-07-13 23:32:13,550] {logging_mixin.py:112} INFO - We've been using the same bricks for over 5,000 years. This engineer says it's time for a change. Although we're surrounded by millions of them every day, most of us don't think about bricks too often. For thousands of years, the humble clay-fired brick hasn't changed. The building blocks of modern suburban homes would be familiar to the city planners of ancient Babylon, the bricklayers of the Great Wall of China, or the builders of Moscow's Saint Basil's Cathedral.
[2020-07-13 23:32:13,550] {logging_mixin.py:112} INFO - 
[2020-07-13 23:32:13,551] {logging_mixin.py:112} INFO - Description >>>>>>>>>>>>>>>>>>>>
[2020-07-13 23:32:13,551] {logging_mixin.py:112} INFO - When Electronic Arts debuted the "Rocket Arena" trailer in late June, people were quick to nickname the video game "Fortnite 2."
[2020-07-13 23:32:13,551] {logging_mixin.py:112} INFO - 
[2020-07-13 23:32:13,551] {logging_mixin.py:112} INFO - Complete String >>>>>>>>>>>>>>>>
[2020-07-13 23:32:13,551] {logging_mixin.py:112} INFO - This game could be the next 'Fortnite'. When Electronic Arts debuted the "Rocket Arena" trailer in late June, people were quick to nickname the video game "Fortnite 2."
[2020-07-13 23:32:13,551] {logging_mixin.py:112} INFO - 
[2020-07-13 23:32:13,552] {logging_mixin.py:112} INFO - Description >>>>>>>>>>>>>>>>>>>>
[2020-07-13 23:32:13,552] {logging_mixin.py:112} INFO - Chipotle is testing cauliflower rice as customers' tastes continue to shift toward healthier options.
[2020-07-13 23:32:13,552] {logging_mixin.py:112} INFO - 
[2020-07-13 23:32:13,552] {logging_mixin.py:112} INFO - Complete String >>>>>>>>>>>>>>>>
[2020-07-13 23:32:13,552] {logging_mixin.py:112} INFO - Chipotle is testing cauliflower rice in some US restaurants. Chipotle is testing cauliflower rice as customers' tastes continue to shift toward healthier options.
[2020-07-13 23:32:13,552] {logging_mixin.py:112} INFO - 
[2020-07-13 23:32:13,552] {logging_mixin.py:112} INFO - Description >>>>>>>>>>>>>>>>>>>>
[2020-07-13 23:32:13,552] {logging_mixin.py:112} INFO - A biker in Atlanta helped police catch a murder suspect by loaning one of the officers his bike for the chase.
[2020-07-13 23:32:13,552] {logging_mixin.py:112} INFO - 
[2020-07-13 23:32:13,552] {logging_mixin.py:112} INFO - Complete String >>>>>>>>>>>>>>>>
[2020-07-13 23:32:13,553] {logging_mixin.py:112} INFO - Watch police officer borrow bike to catch a murder suspect. A biker in Atlanta helped police catch a murder suspect by loaning one of the officers his bike for the chase.
[2020-07-13 23:32:13,553] {logging_mixin.py:112} INFO - 
[2020-07-13 23:32:13,553] {logging_mixin.py:112} INFO - Description >>>>>>>>>>>>>>>>>>>>
[2020-07-13 23:32:13,553] {logging_mixin.py:112} INFO - Mass unemployment. Surging bankruptcies. An unprecedented health crisis. And near-zero interest rates. It's a depressing time for America's banks -- and Wall Street is bracing for huge profit plunges when they report results this week.
[2020-07-13 23:32:13,553] {logging_mixin.py:112} INFO - 
[2020-07-13 23:32:13,553] {logging_mixin.py:112} INFO - Complete String >>>>>>>>>>>>>>>>
[2020-07-13 23:32:13,553] {logging_mixin.py:112} INFO - 'It's going to be really ugly.' Here come the big bank earnings. Mass unemployment. Surging bankruptcies. An unprecedented health crisis. And near-zero interest rates. It's a depressing time for America's banks -- and Wall Street is bracing for huge profit plunges when they report results this week.
[2020-07-13 23:32:13,553] {logging_mixin.py:112} INFO - 
[2020-07-13 23:32:13,554] {logging_mixin.py:112} INFO - Description >>>>>>>>>>>>>>>>>>>>
[2020-07-13 23:32:13,554] {logging_mixin.py:112} INFO - In 2012, Domino's enlisted the automaker Local Motors, where Nicholas de Peyer worked, to reinvent pizza delivery. He spent the next 18 months obsessed with making the ultimate pizza delivery car, and by the end of it, discovered that the best solution wasn't about the pizza.
[2020-07-13 23:32:13,554] {logging_mixin.py:112} INFO - 
[2020-07-13 23:32:13,554] {logging_mixin.py:112} INFO - Complete String >>>>>>>>>>>>>>>>
[2020-07-13 23:32:13,554] {logging_mixin.py:112} INFO - 'Soda bombs' and 'pizza security': The lessons of making a car for Domino's. In 2012, Domino's enlisted the automaker Local Motors, where Nicholas de Peyer worked, to reinvent pizza delivery. He spent the next 18 months obsessed with making the ultimate pizza delivery car, and by the end of it, discovered that the best solution wasn't about the pizza.
[2020-07-13 23:32:13,554] {logging_mixin.py:112} INFO - 
[2020-07-13 23:32:13,555] {logging_mixin.py:112} INFO - Description >>>>>>>>>>>>>>>>>>>>
[2020-07-13 23:32:13,555] {logging_mixin.py:112} INFO - The pandemic of 2020 is ravaging the United States faster every day. While many other developed countries gradually get back to normal, Americans are contracting Covid-19 in numbers that are hard to comprehend, breaking records every day.
[2020-07-13 23:32:13,555] {logging_mixin.py:112} INFO - 
[2020-07-13 23:32:13,555] {logging_mixin.py:112} INFO - Complete String >>>>>>>>>>>>>>>>
[2020-07-13 23:32:13,555] {logging_mixin.py:112} INFO - Why Covid-19 is getting worse in the US. The pandemic of 2020 is ravaging the United States faster every day. While many other developed countries gradually get back to normal, Americans are contracting Covid-19 in numbers that are hard to comprehend, breaking records every day.
[2020-07-13 23:32:13,555] {logging_mixin.py:112} INFO - 
[2020-07-13 23:32:13,555] {logging_mixin.py:112} INFO - Description >>>>>>>>>>>>>>>>>>>>
[2020-07-13 23:32:13,556] {logging_mixin.py:112} INFO - On Saturday, we learned how many Americans had to die from Covid-19 before President Donald Trump would wear a mask in public: At least 134,000. But Trump deserves zero applause for finally allowing himself to be photographed wearing a mask, which he did while on a visit wounded service members at  Walter Reed hospital.
[2020-07-13 23:32:13,556] {logging_mixin.py:112} INFO - 
[2020-07-13 23:32:13,556] {logging_mixin.py:112} INFO - Complete String >>>>>>>>>>>>>>>>
[2020-07-13 23:32:13,556] {logging_mixin.py:112} INFO - What Trump's mask can't hide. On Saturday, we learned how many Americans had to die from Covid-19 before President Donald Trump would wear a mask in public: At least 134,000. But Trump deserves zero applause for finally allowing himself to be photographed wearing a mask, which he did while on a visit wounded service members at  Walter Reed hospital.
[2020-07-13 23:32:13,556] {logging_mixin.py:112} INFO - 
[2020-07-13 23:32:13,556] {logging_mixin.py:112} INFO - Description >>>>>>>>>>>>>>>>>>>>
[2020-07-13 23:32:13,556] {logging_mixin.py:112} INFO - Like most of my friends and family I have Goya products in my cupboard. Adobo, Sazón with Coriander and Anatto, Sofrito (Tomato, though sometimes I'll get the Recaito Cilantro, and black and pink beans.)
[2020-07-13 23:32:13,556] {logging_mixin.py:112} INFO - 
[2020-07-13 23:32:13,556] {logging_mixin.py:112} INFO - Complete String >>>>>>>>>>>>>>>>
[2020-07-13 23:32:13,556] {logging_mixin.py:112} INFO - Goya's galling affront to Latinos. Like most of my friends and family I have Goya products in my cupboard. Adobo, Sazón with Coriander and Anatto, Sofrito (Tomato, though sometimes I'll get the Recaito Cilantro, and black and pink beans.)
[2020-07-13 23:32:13,557] {logging_mixin.py:112} INFO - 
[2020-07-13 23:32:13,557] {logging_mixin.py:112} INFO - Description >>>>>>>>>>>>>>>>>>>>
[2020-07-13 23:32:13,557] {logging_mixin.py:112} INFO - President Donald Trump is famously unencumbered by a sense of history -- except when he's trying to use American history as a wedge in the culture wars.
[2020-07-13 23:32:13,557] {logging_mixin.py:112} INFO - 
[2020-07-13 23:32:13,557] {logging_mixin.py:112} INFO - Complete String >>>>>>>>>>>>>>>>
[2020-07-13 23:32:13,557] {logging_mixin.py:112} INFO - Trump is the anti-Lincoln. President Donald Trump is famously unencumbered by a sense of history -- except when he's trying to use American history as a wedge in the culture wars.
[2020-07-13 23:32:13,557] {logging_mixin.py:112} INFO - 
[2020-07-13 23:32:13,558] {logging_mixin.py:112} INFO - Description >>>>>>>>>>>>>>>>>>>>
[2020-07-13 23:32:13,558] {logging_mixin.py:112} INFO - Actress Naya Rivera, perhaps best known for her turn as Santana Lopez on the campy Fox dramedy "Glee," was presumed dead on Thursday after disappearing at a California lake, authorities said.
[2020-07-13 23:32:13,558] {logging_mixin.py:112} INFO - 
[2020-07-13 23:32:13,558] {logging_mixin.py:112} INFO - Complete String >>>>>>>>>>>>>>>>
[2020-07-13 23:32:13,558] {logging_mixin.py:112} INFO - Naya Rivera's disappearance is a hard reminder. Actress Naya Rivera, perhaps best known for her turn as Santana Lopez on the campy Fox dramedy "Glee," was presumed dead on Thursday after disappearing at a California lake, authorities said.
[2020-07-13 23:32:13,558] {logging_mixin.py:112} INFO - 
[2020-07-13 23:32:13,558] {logging_mixin.py:112} INFO - Description >>>>>>>>>>>>>>>>>>>>
[2020-07-13 23:32:13,559] {logging_mixin.py:112} INFO - President Donald Trump, thrown back on his heels by a growing number of events, circumstances and political adversaries he cannot master, snatched back a bit of control Friday by commuting the sentence of Roger Stone, one of his earliest and most steadfast political allies.
[2020-07-13 23:32:13,559] {logging_mixin.py:112} INFO - 
[2020-07-13 23:32:13,559] {logging_mixin.py:112} INFO - Complete String >>>>>>>>>>>>>>>>
[2020-07-13 23:32:13,559] {logging_mixin.py:112} INFO - The rage behind Trump's action on Roger Stone. President Donald Trump, thrown back on his heels by a growing number of events, circumstances and political adversaries he cannot master, snatched back a bit of control Friday by commuting the sentence of Roger Stone, one of his earliest and most steadfast political allies.
[2020-07-13 23:32:13,559] {logging_mixin.py:112} INFO - 
[2020-07-13 23:32:13,559] {logging_mixin.py:112} INFO - Description >>>>>>>>>>>>>>>>>>>>
[2020-07-13 23:32:13,559] {logging_mixin.py:112} INFO - When the going gets tough, President Donald Trump distracts. This is the essence of his media strategy: give journalists the red meat of controversy and they won't be able to resist the temptation. With the President's will to say or do almost anything -- such as tweeting out the video of a supporter yelling "White Power!" to protesters at the Villages retirement community in Florida -- he's confident that his Twitter feed and his blistering rallies might give him some wiggle room to survive in the fall.
[2020-07-13 23:32:13,559] {logging_mixin.py:112} INFO - 
[2020-07-13 23:32:13,559] {logging_mixin.py:112} INFO - Complete String >>>>>>>>>>>>>>>>
[2020-07-13 23:32:13,559] {logging_mixin.py:112} INFO - What Trump learned from Newt Gingrich. When the going gets tough, President Donald Trump distracts. This is the essence of his media strategy: give journalists the red meat of controversy and they won't be able to resist the temptation. With the President's will to say or do almost anything -- such as tweeting out the video of a supporter yelling "White Power!" to protesters at the Villages retirement community in Florida -- he's confident that his Twitter feed and his blistering rallies might give him some wiggle room to survive in the fall.
[2020-07-13 23:32:13,560] {logging_mixin.py:112} INFO - 
[2020-07-13 23:32:13,560] {logging_mixin.py:112} INFO - Description >>>>>>>>>>>>>>>>>>>>
[2020-07-13 23:32:13,560] {logging_mixin.py:112} INFO - 
[2020-07-13 23:32:13,560] {logging_mixin.py:112} INFO - 
[2020-07-13 23:32:13,560] {logging_mixin.py:112} INFO - Complete String >>>>>>>>>>>>>>>>
[2020-07-13 23:32:13,560] {logging_mixin.py:112} INFO - Refi rates at 2.53% APR (15 yr). Do you qualify?.
[2020-07-13 23:32:13,560] {logging_mixin.py:112} INFO - 
[2020-07-13 23:32:13,561] {logging_mixin.py:112} INFO - Description >>>>>>>>>>>>>>>>>>>>
[2020-07-13 23:32:13,561] {logging_mixin.py:112} INFO - 
[2020-07-13 23:32:13,561] {logging_mixin.py:112} INFO - 
[2020-07-13 23:32:13,561] {logging_mixin.py:112} INFO - Complete String >>>>>>>>>>>>>>>>
[2020-07-13 23:32:13,561] {logging_mixin.py:112} INFO - Pay 0% interest until 2021 with a better card.
[2020-07-13 23:32:13,561] {logging_mixin.py:112} INFO - 
[2020-07-13 23:32:13,562] {logging_mixin.py:112} INFO - Description >>>>>>>>>>>>>>>>>>>>
[2020-07-13 23:32:13,562] {logging_mixin.py:112} INFO - 
[2020-07-13 23:32:13,562] {logging_mixin.py:112} INFO - 
[2020-07-13 23:32:13,562] {logging_mixin.py:112} INFO - Complete String >>>>>>>>>>>>>>>>
[2020-07-13 23:32:13,562] {logging_mixin.py:112} INFO - This may be the big winner of the market crash.
[2020-07-13 23:32:13,562] {logging_mixin.py:112} INFO - 
[2020-07-13 23:32:13,562] {logging_mixin.py:112} INFO - Description >>>>>>>>>>>>>>>>>>>>
[2020-07-13 23:32:13,562] {logging_mixin.py:112} INFO - 
[2020-07-13 23:32:13,562] {logging_mixin.py:112} INFO - 
[2020-07-13 23:32:13,562] {logging_mixin.py:112} INFO - Complete String >>>>>>>>>>>>>>>>
[2020-07-13 23:32:13,562] {logging_mixin.py:112} INFO - Trump ally Duda declared winner of Poland's closely-run presidential race.
[2020-07-13 23:32:13,562] {logging_mixin.py:112} INFO - 
[2020-07-13 23:32:13,563] {logging_mixin.py:112} INFO - Description >>>>>>>>>>>>>>>>>>>>
[2020-07-13 23:32:13,563] {logging_mixin.py:112} INFO - Braving scorching conditions, a new wave of coronavirus infections and government warnings they could be breaking the law, hundreds of thousands of Hong Kongers took part in a primary election for the city's democratic opposition over the weekend.
[2020-07-13 23:32:13,563] {logging_mixin.py:112} INFO - 
[2020-07-13 23:32:13,563] {logging_mixin.py:112} INFO - Complete String >>>>>>>>>>>>>>>>
[2020-07-13 23:32:13,563] {logging_mixin.py:112} INFO - 600,000 vote in Hong Kong opposition primary despite fears of new security law. Braving scorching conditions, a new wave of coronavirus infections and government warnings they could be breaking the law, hundreds of thousands of Hong Kongers took part in a primary election for the city's democratic opposition over the weekend.
[2020-07-13 23:32:13,563] {logging_mixin.py:112} INFO - 
[2020-07-13 23:32:13,564] {logging_mixin.py:112} INFO - Description >>>>>>>>>>>>>>>>>>>>
[2020-07-13 23:32:13,564] {logging_mixin.py:112} INFO - 
[2020-07-13 23:32:13,564] {logging_mixin.py:112} INFO - 
[2020-07-13 23:32:13,564] {logging_mixin.py:112} INFO - Complete String >>>>>>>>>>>>>>>>
[2020-07-13 23:32:13,564] {logging_mixin.py:112} INFO - Bollywood reels as top stars are struck down with coronavirus.
[2020-07-13 23:32:13,564] {logging_mixin.py:112} INFO - 
[2020-07-13 23:32:13,564] {logging_mixin.py:112} INFO - Description >>>>>>>>>>>>>>>>>>>>
[2020-07-13 23:32:13,564] {logging_mixin.py:112} INFO - • COVID-19 UPDATES: There are at least 3,286,025 US coronavirus cases
• Overtourism was a curse before the pandemic. When visitors return, it has to be different
[2020-07-13 23:32:13,564] {logging_mixin.py:112} INFO - 
[2020-07-13 23:32:13,564] {logging_mixin.py:112} INFO - Complete String >>>>>>>>>>>>>>>>
[2020-07-13 23:32:13,564] {logging_mixin.py:112} INFO - Why Brits aren't wearing masks. • COVID-19 UPDATES: There are at least 3,286,025 US coronavirus cases
• Overtourism was a curse before the pandemic. When visitors return, it has to be different
[2020-07-13 23:32:13,564] {logging_mixin.py:112} INFO - 
[2020-07-13 23:32:13,565] {logging_mixin.py:112} INFO - Description >>>>>>>>>>>>>>>>>>>>
[2020-07-13 23:32:13,565] {logging_mixin.py:112} INFO - More than 121,000 people have died from coronavirus in the Caribbean and South America, but as CNN's Patrick Oppmann reports, the island nation of Cuba has managed to flatten the curve.
[2020-07-13 23:32:13,565] {logging_mixin.py:112} INFO - 
[2020-07-13 23:32:13,565] {logging_mixin.py:112} INFO - Complete String >>>>>>>>>>>>>>>>
[2020-07-13 23:32:13,565] {logging_mixin.py:112} INFO - How Cuba has managed to flatten the curve. More than 121,000 people have died from coronavirus in the Caribbean and South America, but as CNN's Patrick Oppmann reports, the island nation of Cuba has managed to flatten the curve.
[2020-07-13 23:32:13,565] {logging_mixin.py:112} INFO - 
[2020-07-13 23:32:13,566] {logging_mixin.py:112} INFO - Description >>>>>>>>>>>>>>>>>>>>
[2020-07-13 23:32:13,566] {logging_mixin.py:112} INFO - The US Court of Appeals for the Seventh District issued a ruling Sunday which will allow for the first federal prisoner to be executed in 17 years on Monday, pending an appeal to the US Supreme Court.
[2020-07-13 23:32:13,566] {logging_mixin.py:112} INFO - 
[2020-07-13 23:32:13,566] {logging_mixin.py:112} INFO - Complete String >>>>>>>>>>>>>>>>
[2020-07-13 23:32:13,566] {logging_mixin.py:112} INFO - First US federal execution in 17 years is back on, for now. The US Court of Appeals for the Seventh District issued a ruling Sunday which will allow for the first federal prisoner to be executed in 17 years on Monday, pending an appeal to the US Supreme Court.
[2020-07-13 23:32:13,566] {logging_mixin.py:112} INFO - 
[2020-07-13 23:32:13,566] {logging_mixin.py:112} INFO - Description >>>>>>>>>>>>>>>>>>>>
[2020-07-13 23:32:13,567] {logging_mixin.py:112} INFO - I was one of the first guests back in Disney World on Saturday after nearly four months of the parks being closed down because of Covid-19.
[2020-07-13 23:32:13,567] {logging_mixin.py:112} INFO - 
[2020-07-13 23:32:13,567] {logging_mixin.py:112} INFO - Complete String >>>>>>>>>>>>>>>>
[2020-07-13 23:32:13,567] {logging_mixin.py:112} INFO - 7 takeaways from Disney World's July reopening. I was one of the first guests back in Disney World on Saturday after nearly four months of the parks being closed down because of Covid-19.
[2020-07-13 23:32:13,567] {logging_mixin.py:112} INFO - 
[2020-07-13 23:32:13,567] {logging_mixin.py:112} INFO - Description >>>>>>>>>>>>>>>>>>>>
[2020-07-13 23:32:13,567] {logging_mixin.py:112} INFO - When Veronica Briones started having trouble breathing in March, she didn't know what to do.
[2020-07-13 23:32:13,567] {logging_mixin.py:112} INFO - 
[2020-07-13 23:32:13,567] {logging_mixin.py:112} INFO - Complete String >>>>>>>>>>>>>>>>
[2020-07-13 23:32:13,567] {logging_mixin.py:112} INFO - Latinx residents fear the toll coronavirus is taking on their lives and community. When Veronica Briones started having trouble breathing in March, she didn't know what to do.
[2020-07-13 23:32:13,567] {logging_mixin.py:112} INFO - 
[2020-07-13 23:32:13,568] {logging_mixin.py:112} INFO - Description >>>>>>>>>>>>>>>>>>>>
[2020-07-13 23:32:13,568] {logging_mixin.py:112} INFO - Based on the true story of Deborah Feldman, a Jewish woman who left the Satmar community in Williamsburg, Brooklyn in search of a new life, the hit Netflix series "Unorthodox" has brought Hasidic culture -- and its female dress codes -- into mainstream focus. One of the most talked about aspects of the show is the clothing, which shapes lead character Esty's (played by Shira Haas) story from beginning to end.
[2020-07-13 23:32:13,568] {logging_mixin.py:112} INFO - 
[2020-07-13 23:32:13,568] {logging_mixin.py:112} INFO - Complete String >>>>>>>>>>>>>>>>
[2020-07-13 23:32:13,568] {logging_mixin.py:112} INFO - Understanding the dress codes of Orthodox Jewish women. Based on the true story of Deborah Feldman, a Jewish woman who left the Satmar community in Williamsburg, Brooklyn in search of a new life, the hit Netflix series "Unorthodox" has brought Hasidic culture -- and its female dress codes -- into mainstream focus. One of the most talked about aspects of the show is the clothing, which shapes lead character Esty's (played by Shira Haas) story from beginning to end.
[2020-07-13 23:32:13,568] {logging_mixin.py:112} INFO - 
[2020-07-13 23:32:13,569] {logging_mixin.py:112} INFO - Description >>>>>>>>>>>>>>>>>>>>
[2020-07-13 23:32:13,569] {logging_mixin.py:112} INFO - Yulia Tsvetkova is unsure about her future. She has been criminally charged with the "production and dissemination of pornographic materials," after sharing stylized depictions of vaginas on social media. The resident of a remote city in Russia's Far East, she was released from house arrest on March 16 after four months, but is still under strict travel restrictions and faces up to six years in jail.
[2020-07-13 23:32:13,569] {logging_mixin.py:112} INFO - 
[2020-07-13 23:32:13,569] {logging_mixin.py:112} INFO - Complete String >>>>>>>>>>>>>>>>
[2020-07-13 23:32:13,569] {logging_mixin.py:112} INFO - In Russia, drawing a woman's body can get you arrested. Yulia Tsvetkova is unsure about her future. She has been criminally charged with the "production and dissemination of pornographic materials," after sharing stylized depictions of vaginas on social media. The resident of a remote city in Russia's Far East, she was released from house arrest on March 16 after four months, but is still under strict travel restrictions and faces up to six years in jail.
[2020-07-13 23:32:13,569] {logging_mixin.py:112} INFO - 
[2020-07-13 23:32:13,570] {logging_mixin.py:112} INFO - Description >>>>>>>>>>>>>>>>>>>>
[2020-07-13 23:32:13,570] {logging_mixin.py:112} INFO - When the disgraced health entrepreneur Elizabeth Holmes was indicted on fraud charges for her lab-testing company Theranos last year, much of the media discussion rested not on her alleged corporate recklessness and staggering abuses of trust, but on her sartorial choices: black jackets, black slacks, and -- most importantly -- black turtlenecks.
[2020-07-13 23:32:13,570] {logging_mixin.py:112} INFO - 
[2020-07-13 23:32:13,570] {logging_mixin.py:112} INFO - Complete String >>>>>>>>>>>>>>>>
[2020-07-13 23:32:13,570] {logging_mixin.py:112} INFO - The one item in every genius' closet. When the disgraced health entrepreneur Elizabeth Holmes was indicted on fraud charges for her lab-testing company Theranos last year, much of the media discussion rested not on her alleged corporate recklessness and staggering abuses of trust, but on her sartorial choices: black jackets, black slacks, and -- most importantly -- black turtlenecks.
[2020-07-13 23:32:13,570] {logging_mixin.py:112} INFO - 
[2020-07-13 23:32:13,571] {logging_mixin.py:112} INFO - Description >>>>>>>>>>>>>>>>>>>>
[2020-07-13 23:32:13,571] {logging_mixin.py:112} INFO - This Independence Day Weekend, 80 artists are asking Americans to look up at the skies. Over July 3 and 4, messages related to immigration will be written at 10,000 feet by World War II military planes, sky-typed over 80 sites related to the country's network of US Immigration and Customs Enforcement (ICE) detention facilities, immigration courts, and the southern border. The idea is to bring attention to these facilities, which may not be familiar to many Americans.
[2020-07-13 23:32:13,571] {logging_mixin.py:112} INFO - 
[2020-07-13 23:32:13,571] {logging_mixin.py:112} INFO - Complete String >>>>>>>>>>>>>>>>
[2020-07-13 23:32:13,571] {logging_mixin.py:112} INFO - Artists skytype over ICE detention centers. This Independence Day Weekend, 80 artists are asking Americans to look up at the skies. Over July 3 and 4, messages related to immigration will be written at 10,000 feet by World War II military planes, sky-typed over 80 sites related to the country's network of US Immigration and Customs Enforcement (ICE) detention facilities, immigration courts, and the southern border. The idea is to bring attention to these facilities, which may not be familiar to many Americans.
[2020-07-13 23:32:13,571] {logging_mixin.py:112} INFO - 
[2020-07-13 23:32:13,572] {logging_mixin.py:112} INFO - Description >>>>>>>>>>>>>>>>>>>>
[2020-07-13 23:32:13,572] {logging_mixin.py:112} INFO - When photographer William Eggleston arrived in Manhattan in 1967, he brought a suitcase filled with color slides and prints taken around the Mississippi Delta. They were scenes of the low-slung homes, blue skies, flat lands, and ordinary people of the American South -- all rendered in what would eventually become his iconic high-chroma, saturated hues.
[2020-07-13 23:32:13,572] {logging_mixin.py:112} INFO - 
[2020-07-13 23:32:13,572] {logging_mixin.py:112} INFO - Complete String >>>>>>>>>>>>>>>>
[2020-07-13 23:32:13,572] {logging_mixin.py:112} INFO - Photos capture the magic of everyday life in America. When photographer William Eggleston arrived in Manhattan in 1967, he brought a suitcase filled with color slides and prints taken around the Mississippi Delta. They were scenes of the low-slung homes, blue skies, flat lands, and ordinary people of the American South -- all rendered in what would eventually become his iconic high-chroma, saturated hues.
[2020-07-13 23:32:13,572] {logging_mixin.py:112} INFO - 
[2020-07-13 23:32:13,574] {logging_mixin.py:112} INFO - Description >>>>>>>>>>>>>>>>>>>>
[2020-07-13 23:32:13,574] {logging_mixin.py:112} INFO - Before Netflix, before sagas like "Game of Thrones" -- before high-speed internet -- there was "Twin Peaks."
[2020-07-13 23:32:13,574] {logging_mixin.py:112} INFO - 
[2020-07-13 23:32:13,574] {logging_mixin.py:112} INFO - Complete String >>>>>>>>>>>>>>>>
[2020-07-13 23:32:13,574] {logging_mixin.py:112} INFO - The drama that changed TV history 30 years ago. Before Netflix, before sagas like "Game of Thrones" -- before high-speed internet -- there was "Twin Peaks."
[2020-07-13 23:32:13,574] {logging_mixin.py:112} INFO - 
[2020-07-13 23:32:13,574] {logging_mixin.py:112} INFO - Description >>>>>>>>>>>>>>>>>>>>
[2020-07-13 23:32:13,574] {logging_mixin.py:112} INFO - Amanda Kloots and the family of late Broadway star Nick Cordero held a small, private memorial service over the weekend, with Kloots calling it "beautiful and perfect."
[2020-07-13 23:32:13,574] {logging_mixin.py:112} INFO - 
[2020-07-13 23:32:13,574] {logging_mixin.py:112} INFO - Complete String >>>>>>>>>>>>>>>>
[2020-07-13 23:32:13,575] {logging_mixin.py:112} INFO - Nick Cordero remembered. Amanda Kloots and the family of late Broadway star Nick Cordero held a small, private memorial service over the weekend, with Kloots calling it "beautiful and perfect."
[2020-07-13 23:32:13,575] {logging_mixin.py:112} INFO - 
[2020-07-13 23:32:13,575] {logging_mixin.py:112} INFO - -0.4
[2020-07-13 23:32:13,575] {logging_mixin.py:112} INFO - 0.5
[2020-07-13 23:32:13,575] {logging_mixin.py:112} INFO - 0.07163822925598289
[2020-07-13 23:32:13,575] {logging_mixin.py:112} INFO - 67
[2020-07-13 23:32:13,575] {logging_mixin.py:112} INFO - 4
[2020-07-13 23:32:13,575] {python_operator.py:114} INFO - Done. Returned value was: None
[2020-07-13 23:32:13,578] {taskinstance.py:1065} INFO - Marking task as SUCCESS.dag_id=news_fetch, task_id=fox_news_parser, execution_date=20200711T013200, start_date=20200713T153213, end_date=20200713T153213
[2020-07-13 23:32:23,253] {logging_mixin.py:112} INFO - [2020-07-13 23:32:23,253] {local_task_job.py:103} INFO - Task exited with return code 0
