[2020-07-13 22:29:49,866] {taskinstance.py:669} INFO - Dependencies all met for <TaskInstance: news_fetch.cnn_news_parser 2020-07-11T00:00:00+00:00 [queued]>
[2020-07-13 22:29:49,872] {taskinstance.py:669} INFO - Dependencies all met for <TaskInstance: news_fetch.cnn_news_parser 2020-07-11T00:00:00+00:00 [queued]>
[2020-07-13 22:29:49,872] {taskinstance.py:879} INFO - 
--------------------------------------------------------------------------------
[2020-07-13 22:29:49,872] {taskinstance.py:880} INFO - Starting attempt 1 of 4
[2020-07-13 22:29:49,872] {taskinstance.py:881} INFO - 
--------------------------------------------------------------------------------
[2020-07-13 22:29:49,876] {taskinstance.py:900} INFO - Executing <Task(PythonOperator): cnn_news_parser> on 2020-07-11T00:00:00+00:00
[2020-07-13 22:29:49,878] {standard_task_runner.py:53} INFO - Started process 17965 to run task
[2020-07-13 22:29:49,905] {logging_mixin.py:112} INFO - Running %s on host %s <TaskInstance: news_fetch.cnn_news_parser 2020-07-11T00:00:00+00:00 [running]> tony-ThinkPad-X1-Carbon-7th
[2020-07-13 22:29:50,137] {logging_mixin.py:112} INFO - Description >>>>>>>>>>>>>>>>>>>>
[2020-07-13 22:29:50,137] {logging_mixin.py:112} INFO - Michael Flynn, after fighting for years against a false-statements charge stemming from the Russia probe, could be poised not only to lift his legal cloud but make a return to the campaign trail on behalf of President Trump.
[2020-07-13 22:29:50,137] {logging_mixin.py:112} INFO - Complete String >>>>>>>>>>>>>>>>
[2020-07-13 22:29:50,137] {logging_mixin.py:112} INFO - Flynn could reprise Trump campaign role, as he fights to clear legal cloud. Michael Flynn, after fighting for years against a false-statements charge stemming from the Russia probe, could be poised not only to lift his legal cloud but make a return to the campaign trail on behalf of President Trump.
[2020-07-13 22:29:50,172] {logging_mixin.py:112} INFO - Description >>>>>>>>>>>>>>>>>>>>
[2020-07-13 22:29:50,172] {logging_mixin.py:112} INFO - Aaron Rodgers was at the golf course Sunday for the American Century Championship but hitting the fairway wasn’t really what was on his mind.
[2020-07-13 22:29:50,172] {logging_mixin.py:112} INFO - Complete String >>>>>>>>>>>>>>>>
[2020-07-13 22:29:50,172] {logging_mixin.py:112} INFO - Packers' Aaron Rodgers wonders whether there will be a 2020 season. Aaron Rodgers was at the golf course Sunday for the American Century Championship but hitting the fairway wasn’t really what was on his mind.
[2020-07-13 22:29:50,173] {logging_mixin.py:112} INFO - Description >>>>>>>>>>>>>>>>>>>>
[2020-07-13 22:29:50,173] {logging_mixin.py:112} INFO - The paper explores the risks associated with full flights as airlines are once again beginning to book planes to full capacity.
[2020-07-13 22:29:50,173] {logging_mixin.py:112} INFO - Complete String >>>>>>>>>>>>>>>>
[2020-07-13 22:29:50,173] {logging_mixin.py:112} INFO - Banning middle seat on planes could cut coronavirus risk on flights almost in half: MIT report. The paper explores the risks associated with full flights as airlines are once again beginning to book planes to full capacity.
[2020-07-13 22:29:50,174] {logging_mixin.py:112} INFO - Description >>>>>>>>>>>>>>>>>>>>
[2020-07-13 22:29:50,174] {logging_mixin.py:112} INFO - The Washington Redskins quarterback Dwayne Haskins Jr. praised the organization as it announced that the team name would be changed after 87 years.
[2020-07-13 22:29:50,174] {logging_mixin.py:112} INFO - Complete String >>>>>>>>>>>>>>>>
[2020-07-13 22:29:50,174] {logging_mixin.py:112} INFO - Washington's Dwayne Haskins Jr. praises team for retiring name. The Washington Redskins quarterback Dwayne Haskins Jr. praised the organization as it announced that the team name would be changed after 87 years.
[2020-07-13 22:29:50,175] {logging_mixin.py:112} INFO - Description >>>>>>>>>>>>>>>>>>>>
[2020-07-13 22:29:50,175] {logging_mixin.py:112} INFO - Three teens have been killed in the New York City borough of Brooklyn after their car collided into another vehicle while doing “donuts,” reports say.
[2020-07-13 22:29:50,175] {logging_mixin.py:112} INFO - Complete String >>>>>>>>>>>>>>>>
[2020-07-13 22:29:50,175] {logging_mixin.py:112} INFO - 3 teens dead in Brooklyn after cars collide while doing 'donuts:' reports. Three teens have been killed in the New York City borough of Brooklyn after their car collided into another vehicle while doing “donuts,” reports say.
[2020-07-13 22:29:50,176] {logging_mixin.py:112} INFO - Description >>>>>>>>>>>>>>>>>>>>
[2020-07-13 22:29:50,176] {logging_mixin.py:112} INFO - The Republican National Committee (RNC) is spotlighting a new report that shows the GOP has edged out the Democratic Party in the race to sign up new voters amid the coronavirus pandemic.
[2020-07-13 22:29:50,176] {logging_mixin.py:112} INFO - Complete String >>>>>>>>>>>>>>>>
[2020-07-13 22:29:50,176] {logging_mixin.py:112} INFO - RNC chairwoman touts GOP voter registration amid coronavirus. The Republican National Committee (RNC) is spotlighting a new report that shows the GOP has edged out the Democratic Party in the race to sign up new voters amid the coronavirus pandemic.
[2020-07-13 22:29:50,176] {logging_mixin.py:112} INFO - Description >>>>>>>>>>>>>>>>>>>>
[2020-07-13 22:29:50,177] {logging_mixin.py:112} INFO - Michigan health officials have warned the public of possible coronavirus exposure after a Fourth of July party at a northwest sandbar resulted in several positive cases.
[2020-07-13 22:29:50,177] {logging_mixin.py:112} INFO - Complete String >>>>>>>>>>>>>>>>
[2020-07-13 22:29:50,177] {logging_mixin.py:112} INFO - Coronavirus cases linked to Michigan sandbar, Fourth of July party. Michigan health officials have warned the public of possible coronavirus exposure after a Fourth of July party at a northwest sandbar resulted in several positive cases.
[2020-07-13 22:29:50,177] {logging_mixin.py:112} INFO - Description >>>>>>>>>>>>>>>>>>>>
[2020-07-13 22:29:50,177] {logging_mixin.py:112} INFO - Seattle police Chief Carmen Best told “Fox & Friends” on Monday that a 50 percent budget cut to her department would “truly” be “a tragic decision.”
[2020-07-13 22:29:50,177] {logging_mixin.py:112} INFO - Complete String >>>>>>>>>>>>>>>>
[2020-07-13 22:29:50,177] {logging_mixin.py:112} INFO - Seattle police chief says 50% budget cut would be 'tragic decision' and is politically motivated. Seattle police Chief Carmen Best told “Fox & Friends” on Monday that a 50 percent budget cut to her department would “truly” be “a tragic decision.”
[2020-07-13 22:29:50,178] {logging_mixin.py:112} INFO - Description >>>>>>>>>>>>>>>>>>>>
[2020-07-13 22:29:50,178] {logging_mixin.py:112} INFO - Hot temperatures from over the weekend will linger to start the week as the threat for severe weather develops on Monday.
[2020-07-13 22:29:50,178] {logging_mixin.py:112} INFO - Complete String >>>>>>>>>>>>>>>>
[2020-07-13 22:29:50,178] {logging_mixin.py:112} INFO - Intense heat wave persists for tens of millions, severe weather possible across Central US. Hot temperatures from over the weekend will linger to start the week as the threat for severe weather develops on Monday.
[2020-07-13 22:29:50,179] {logging_mixin.py:112} INFO - Description >>>>>>>>>>>>>>>>>>>>
[2020-07-13 22:29:50,179] {logging_mixin.py:112} INFO - Jada Pinkett Smith’s mom, Adrienne Banfield-Norris, showed off her toned abs in a selfie on Instagram.
[2020-07-13 22:29:50,179] {logging_mixin.py:112} INFO - Complete String >>>>>>>>>>>>>>>>
[2020-07-13 22:29:50,179] {logging_mixin.py:112} INFO - Jada Pinkett Smith’s mom Adrienne Banfield-Norris, 66, flashes toned abs: ‘Elliptical here I come!’. Jada Pinkett Smith’s mom, Adrienne Banfield-Norris, showed off her toned abs in a selfie on Instagram.
[2020-07-13 22:29:50,180] {logging_mixin.py:112} INFO - -0.125
[2020-07-13 22:29:50,180] {logging_mixin.py:112} INFO - 0.13636363636363635
[2020-07-13 22:29:50,180] {logging_mixin.py:112} INFO - 0.04321969696969697
[2020-07-13 22:29:50,180] {logging_mixin.py:112} INFO - 7
[2020-07-13 22:29:50,180] {logging_mixin.py:112} INFO - 5
[2020-07-13 22:29:50,180] {python_operator.py:114} INFO - Done. Returned value was: None
[2020-07-13 22:29:50,184] {taskinstance.py:1065} INFO - Marking task as SUCCESS.dag_id=news_fetch, task_id=cnn_news_parser, execution_date=20200711T000000, start_date=20200713T142949, end_date=20200713T142950
[2020-07-13 22:29:59,869] {logging_mixin.py:112} INFO - [2020-07-13 22:29:59,868] {local_task_job.py:103} INFO - Task exited with return code 0
