[2020-07-13 23:10:09,429] {taskinstance.py:669} INFO - Dependencies all met for <TaskInstance: news_fetch.cnn_news_parser 2020-07-11T01:05:00+00:00 [queued]>
[2020-07-13 23:10:09,442] {taskinstance.py:669} INFO - Dependencies all met for <TaskInstance: news_fetch.cnn_news_parser 2020-07-11T01:05:00+00:00 [queued]>
[2020-07-13 23:10:09,442] {taskinstance.py:879} INFO - 
--------------------------------------------------------------------------------
[2020-07-13 23:10:09,442] {taskinstance.py:880} INFO - Starting attempt 1 of 4
[2020-07-13 23:10:09,442] {taskinstance.py:881} INFO - 
--------------------------------------------------------------------------------
[2020-07-13 23:10:09,453] {taskinstance.py:900} INFO - Executing <Task(PythonOperator): cnn_news_parser> on 2020-07-11T01:05:00+00:00
[2020-07-13 23:10:09,457] {standard_task_runner.py:53} INFO - Started process 25873 to run task
[2020-07-13 23:10:09,528] {logging_mixin.py:112} INFO - Running %s on host %s <TaskInstance: news_fetch.cnn_news_parser 2020-07-11T01:05:00+00:00 [running]> tony-ThinkPad-X1-Carbon-7th
[2020-07-13 23:10:09,774] {logging_mixin.py:112} INFO - Description >>>>>>>>>>>>>>>>>>>>
[2020-07-13 23:10:09,774] {logging_mixin.py:112} INFO - A Pennsylvania police officer was seen putting his knee on a man's neck while trying to restrain him Saturday evening, drawing comparisons to the infamous viral video showing George Floyd before his death that sparked a nationwide reckoning against racial injustice and police brutality.
[2020-07-13 23:10:09,774] {logging_mixin.py:112} INFO - Complete String >>>>>>>>>>>>>>>>
[2020-07-13 23:10:09,775] {logging_mixin.py:112} INFO - Pennsylvania cop kneeling on man's neck draws comparisons to George Floyd, inciting protests, outrage. A Pennsylvania police officer was seen putting his knee on a man's neck while trying to restrain him Saturday evening, drawing comparisons to the infamous viral video showing George Floyd before his death that sparked a nationwide reckoning against racial injustice and police brutality.
[2020-07-13 23:10:09,848] {logging_mixin.py:112} INFO - Description >>>>>>>>>>>>>>>>>>>>
[2020-07-13 23:10:09,848] {logging_mixin.py:112} INFO - Brad Paisley performed at the first of three “Live From the Drive-In” tour dates on Saturday nigh,t and despite the circumstances, he did his best for his fans.
[2020-07-13 23:10:09,848] {logging_mixin.py:112} INFO - Complete String >>>>>>>>>>>>>>>>
[2020-07-13 23:10:09,848] {logging_mixin.py:112} INFO - Brad Paisley thanks fans for 'hopefully once-in-a-lifetime' drive-thru concert amid coronavirus spike. Brad Paisley performed at the first of three “Live From the Drive-In” tour dates on Saturday nigh,t and despite the circumstances, he did his best for his fans.
[2020-07-13 23:10:09,850] {logging_mixin.py:112} INFO - Description >>>>>>>>>>>>>>>>>>>>
[2020-07-13 23:10:09,850] {logging_mixin.py:112} INFO - The Greater Wynnewood Exotic Animal Park, the zoo made famous in the "Tiger King" documentary on Netflix, was searched by police on Friday.
[2020-07-13 23:10:09,850] {logging_mixin.py:112} INFO - Complete String >>>>>>>>>>>>>>>>
[2020-07-13 23:10:09,850] {logging_mixin.py:112} INFO - 'Tiger King' zoo searched by police after human remains were believed to be buried on property. The Greater Wynnewood Exotic Animal Park, the zoo made famous in the "Tiger King" documentary on Netflix, was searched by police on Friday.
[2020-07-13 23:10:09,851] {logging_mixin.py:112} INFO - Description >>>>>>>>>>>>>>>>>>>>
[2020-07-13 23:10:09,851] {logging_mixin.py:112} INFO - Much of the press treated Mr. Unanue's praise of the president as if he had broken some unspoken code.
[2020-07-13 23:10:09,851] {logging_mixin.py:112} INFO - Complete String >>>>>>>>>>>>>>>>
[2020-07-13 23:10:09,852] {logging_mixin.py:112} INFO - Wall Street Journal Editorial Board: Goya CEO right not to give in to paranoia after backlash. Much of the press treated Mr. Unanue's praise of the president as if he had broken some unspoken code.
[2020-07-13 23:10:09,853] {logging_mixin.py:112} INFO - Description >>>>>>>>>>>>>>>>>>>>
[2020-07-13 23:10:09,853] {logging_mixin.py:112} INFO - State and local governments scrambling to raise money during the economic crisis caused by the coronavirus pandemic are looking to increased property taxes -- as well as wealth taxes and more -- to fill budget holes.
[2020-07-13 23:10:09,853] {logging_mixin.py:112} INFO - Complete String >>>>>>>>>>>>>>>>
[2020-07-13 23:10:09,853] {logging_mixin.py:112} INFO - Local governments weigh major tax hikes to plug coronavirus-induced shortfalls. State and local governments scrambling to raise money during the economic crisis caused by the coronavirus pandemic are looking to increased property taxes -- as well as wealth taxes and more -- to fill budget holes.
[2020-07-13 23:10:09,855] {logging_mixin.py:112} INFO - Description >>>>>>>>>>>>>>>>>>>>
[2020-07-13 23:10:09,855] {logging_mixin.py:112} INFO - White House press secretary Kayleigh McEnany called the backlash over Goya CEO Robert Unanue’s praise of President Trump at a White House event last week “unfortunate,” adding that “this is the kind of basket of deplorable politics that the left routinely engages in.”
[2020-07-13 23:10:09,855] {logging_mixin.py:112} INFO - Complete String >>>>>>>>>>>>>>>>
[2020-07-13 23:10:09,856] {logging_mixin.py:112} INFO - McEnany blasts anti-Trump Goya boycott: 'Basket of deplorable politics' now routine on the left. White House press secretary Kayleigh McEnany called the backlash over Goya CEO Robert Unanue’s praise of President Trump at a White House event last week “unfortunate,” adding that “this is the kind of basket of deplorable politics that the left routinely engages in.”
[2020-07-13 23:10:09,858] {logging_mixin.py:112} INFO - Description >>>>>>>>>>>>>>>>>>>>
[2020-07-13 23:10:09,858] {logging_mixin.py:112} INFO - Olivia Culpo, Jasmine Sanders and Kate Bock are heating things up.
[2020-07-13 23:10:09,858] {logging_mixin.py:112} INFO - Complete String >>>>>>>>>>>>>>>>
[2020-07-13 23:10:09,858] {logging_mixin.py:112} INFO - SI Swimsuit models Olivia Culpo, Jasmine Sanders and Kate Bock share 2020 cover. Olivia Culpo, Jasmine Sanders and Kate Bock are heating things up.
[2020-07-13 23:10:09,860] {logging_mixin.py:112} INFO - Description >>>>>>>>>>>>>>>>>>>>
[2020-07-13 23:10:09,860] {logging_mixin.py:112} INFO - Bridgeport mayor Joe Ganim filed a suit in the state Superior Court, claiming he was bitten by a boarding passenger’s dog while on a Delta flight in 2018.
[2020-07-13 23:10:09,860] {logging_mixin.py:112} INFO - Complete String >>>>>>>>>>>>>>>>
[2020-07-13 23:10:09,861] {logging_mixin.py:112} INFO - Connecticut mayor suing Delta Air Lines over dog bite, claims he suffered 'painful and permanent injuries'. Bridgeport mayor Joe Ganim filed a suit in the state Superior Court, claiming he was bitten by a boarding passenger’s dog while on a Delta flight in 2018.
[2020-07-13 23:10:09,863] {logging_mixin.py:112} INFO - Description >>>>>>>>>>>>>>>>>>>>
[2020-07-13 23:10:09,863] {logging_mixin.py:112} INFO - "Douglass’s message might be more relevant today than ever since the struggles he fought for remain ongoing."
[2020-07-13 23:10:09,863] {logging_mixin.py:112} INFO - Complete String >>>>>>>>>>>>>>>>
[2020-07-13 23:10:09,863] {logging_mixin.py:112} INFO - Petition to rename Rochester airport after Frederick Douglass trends online. "Douglass’s message might be more relevant today than ever since the struggles he fought for remain ongoing."
[2020-07-13 23:10:09,864] {logging_mixin.py:112} INFO - Description >>>>>>>>>>>>>>>>>>>>
[2020-07-13 23:10:09,865] {logging_mixin.py:112} INFO - A federal judge in Washington, D.C., has stayed all pending federal executions—including one that had been set for Monday.
[2020-07-13 23:10:09,865] {logging_mixin.py:112} INFO - Complete String >>>>>>>>>>>>>>>>
[2020-07-13 23:10:09,865] {logging_mixin.py:112} INFO - Federal judge blocks imminent execution, last-minute appeals likely. A federal judge in Washington, D.C., has stayed all pending federal executions—including one that had been set for Monday.
[2020-07-13 23:10:09,866] {logging_mixin.py:112} INFO - -0.5
[2020-07-13 23:10:09,866] {logging_mixin.py:112} INFO - 0.45
[2020-07-13 23:10:09,866] {logging_mixin.py:112} INFO - 0.07054401154401155
[2020-07-13 23:10:09,866] {logging_mixin.py:112} INFO - 0
[2020-07-13 23:10:09,866] {logging_mixin.py:112} INFO - 8
[2020-07-13 23:10:09,866] {python_operator.py:114} INFO - Done. Returned value was: None
[2020-07-13 23:10:09,872] {taskinstance.py:1065} INFO - Marking task as SUCCESS.dag_id=news_fetch, task_id=cnn_news_parser, execution_date=20200711T010500, start_date=20200713T151009, end_date=20200713T151009
[2020-07-13 23:10:19,421] {logging_mixin.py:112} INFO - [2020-07-13 23:10:19,420] {local_task_job.py:103} INFO - Task exited with return code 0
