[2020-07-14 00:31:03,962] {taskinstance.py:669} INFO - Dependencies all met for <TaskInstance: news_fetch.cnn_news_parser 2020-07-11T02:54:00+00:00 [queued]>
[2020-07-14 00:31:03,970] {taskinstance.py:669} INFO - Dependencies all met for <TaskInstance: news_fetch.cnn_news_parser 2020-07-11T02:54:00+00:00 [queued]>
[2020-07-14 00:31:03,970] {taskinstance.py:879} INFO - 
--------------------------------------------------------------------------------
[2020-07-14 00:31:03,970] {taskinstance.py:880} INFO - Starting attempt 1 of 4
[2020-07-14 00:31:03,971] {taskinstance.py:881} INFO - 
--------------------------------------------------------------------------------
[2020-07-14 00:31:03,979] {taskinstance.py:900} INFO - Executing <Task(PythonOperator): cnn_news_parser> on 2020-07-11T02:54:00+00:00
[2020-07-14 00:31:03,981] {standard_task_runner.py:53} INFO - Started process 8324 to run task
[2020-07-14 00:31:04,021] {logging_mixin.py:112} INFO - Running %s on host %s <TaskInstance: news_fetch.cnn_news_parser 2020-07-11T02:54:00+00:00 [running]> tony-ThinkPad-X1-Carbon-7th
[2020-07-14 00:31:04,168] {logging_mixin.py:112} INFO - Description >>>>>>>>>>>>>>>>>>>>
[2020-07-14 00:31:04,168] {logging_mixin.py:112} INFO - Reese Witherspoon proudly danced to her 16-year-old son Deacon Phillippe’s first single much to his embarrassment.
[2020-07-14 00:31:04,168] {logging_mixin.py:112} INFO - Complete String >>>>>>>>>>>>>>>>
[2020-07-14 00:31:04,168] {logging_mixin.py:112} INFO - Reese Witherspoon has a hilarious reaction to her teen son’s first single. Reese Witherspoon proudly danced to her 16-year-old son Deacon Phillippe’s first single much to his embarrassment.
[2020-07-14 00:31:04,207] {logging_mixin.py:112} INFO - Description >>>>>>>>>>>>>>>>>>>>
[2020-07-14 00:31:04,207] {logging_mixin.py:112} INFO - The Federalist’s Ben Domenech on Monday defended the Missouri couple who received pushback for brandishing firearms in front of protesters.
[2020-07-14 00:31:04,207] {logging_mixin.py:112} INFO - Complete String >>>>>>>>>>>>>>>>
[2020-07-14 00:31:04,207] {logging_mixin.py:112} INFO - Ben Domenech pushes back on critics of armed Missouri couple: 'The cops weren't coming'. The Federalist’s Ben Domenech on Monday defended the Missouri couple who received pushback for brandishing firearms in front of protesters.
[2020-07-14 00:31:04,208] {logging_mixin.py:112} INFO - Description >>>>>>>>>>>>>>>>>>>>
[2020-07-14 00:31:04,208] {logging_mixin.py:112} INFO - A slew of Catholic churches from Florida to California were burned and vandalized over the weekend as police continue to investigate whether or not they are connected to protests targeting symbols and statues.
[2020-07-14 00:31:04,208] {logging_mixin.py:112} INFO - Complete String >>>>>>>>>>>>>>>>
[2020-07-14 00:31:04,208] {logging_mixin.py:112} INFO - Catholic churches burned, vandalized over weekend as police investigate: 'Where's the outrage?'. A slew of Catholic churches from Florida to California were burned and vandalized over the weekend as police continue to investigate whether or not they are connected to protests targeting symbols and statues.
[2020-07-14 00:31:04,209] {logging_mixin.py:112} INFO - Description >>>>>>>>>>>>>>>>>>>>
[2020-07-14 00:31:04,209] {logging_mixin.py:112} INFO - Bats offer important clues for the treatment of COVID-19, scientists say.
[2020-07-14 00:31:04,209] {logging_mixin.py:112} INFO - Complete String >>>>>>>>>>>>>>>>
[2020-07-14 00:31:04,209] {logging_mixin.py:112} INFO - Bats offer COVID-19 treatment clues, scientists say. Bats offer important clues for the treatment of COVID-19, scientists say.
[2020-07-14 00:31:04,209] {logging_mixin.py:112} INFO - Description >>>>>>>>>>>>>>>>>>>>
[2020-07-14 00:31:04,210] {logging_mixin.py:112} INFO - A federal judge on Monday ordered the government to explain the “scope” of President Trump’s commutation of longtime GOP operative Roger Stone.
[2020-07-14 00:31:04,210] {logging_mixin.py:112} INFO - Complete String >>>>>>>>>>>>>>>>
[2020-07-14 00:31:04,210] {logging_mixin.py:112} INFO - Judge orders government to explain 'scope' of Roger Stone commutation. A federal judge on Monday ordered the government to explain the “scope” of President Trump’s commutation of longtime GOP operative Roger Stone.
[2020-07-14 00:31:04,210] {logging_mixin.py:112} INFO - Description >>>>>>>>>>>>>>>>>>>>
[2020-07-14 00:31:04,210] {logging_mixin.py:112} INFO - The youngest daughter of former South African president and liberation hero Nelson Mandela died Monday at a hospital in Johannesburg, according to reports.
[2020-07-14 00:31:04,211] {logging_mixin.py:112} INFO - Complete String >>>>>>>>>>>>>>>>
[2020-07-14 00:31:04,211] {logging_mixin.py:112} INFO - Nelson Mandela's youngest daughter dead at 59 in Johannesburg. The youngest daughter of former South African president and liberation hero Nelson Mandela died Monday at a hospital in Johannesburg, according to reports.
[2020-07-14 00:31:04,211] {logging_mixin.py:112} INFO - Description >>>>>>>>>>>>>>>>>>>>
[2020-07-14 00:31:04,211] {logging_mixin.py:112} INFO - The World Meteorological Organization said it expects global temperatures will rise "at least" 1 degree Celsius in each year of the next five years, far above levels not seen since the Second Industrial Revolution.
[2020-07-14 00:31:04,212] {logging_mixin.py:112} INFO - Complete String >>>>>>>>>>>>>>>>
[2020-07-14 00:31:04,212] {logging_mixin.py:112} INFO - Earth's average temperature will rise 'at least' 1 degree Celsius over next 5 years, WMO says. The World Meteorological Organization said it expects global temperatures will rise "at least" 1 degree Celsius in each year of the next five years, far above levels not seen since the Second Industrial Revolution.
[2020-07-14 00:31:04,212] {logging_mixin.py:112} INFO - Description >>>>>>>>>>>>>>>>>>>>
[2020-07-14 00:31:04,212] {logging_mixin.py:112} INFO - Walt Disney World has reportedly opened several designated spaces throughout its theme parks where visitors can remove required facial coverings.
[2020-07-14 00:31:04,213] {logging_mixin.py:112} INFO - Complete String >>>>>>>>>>>>>>>>
[2020-07-14 00:31:04,213] {logging_mixin.py:112} INFO - Disney World offering mask-free 'relaxation zones' upon reopening, Twitter calls move 'irresponsible'. Walt Disney World has reportedly opened several designated spaces throughout its theme parks where visitors can remove required facial coverings.
[2020-07-14 00:31:04,213] {logging_mixin.py:112} INFO - Description >>>>>>>>>>>>>>>>>>>>
[2020-07-14 00:31:04,213] {logging_mixin.py:112} INFO - Washington Examiner contributor Byron York said on Monday that the commutation of Roger Stone's sentence was not unprecedented, despite what many critics have claimed.
[2020-07-14 00:31:04,213] {logging_mixin.py:112} INFO - Complete String >>>>>>>>>>>>>>>>
[2020-07-14 00:31:04,214] {logging_mixin.py:112} INFO - Byron York: Trump's commutation of Roger Stone's sentence was not unprecedented. Washington Examiner contributor Byron York said on Monday that the commutation of Roger Stone's sentence was not unprecedented, despite what many critics have claimed.
[2020-07-14 00:31:04,214] {logging_mixin.py:112} INFO - Description >>>>>>>>>>>>>>>>>>>>
[2020-07-14 00:31:04,214] {logging_mixin.py:112} INFO - Ben Stiller understands the backlash surrounding now-President Donald Trump's cameo in his iconic 2001 movie.
[2020-07-14 00:31:04,214] {logging_mixin.py:112} INFO - Complete String >>>>>>>>>>>>>>>>
[2020-07-14 00:31:04,214] {logging_mixin.py:112} INFO - Why Ben Stiller won't cut Donald Trump's cameo from 'Zoolander' movie. Ben Stiller understands the backlash surrounding now-President Donald Trump's cameo in his iconic 2001 movie.
[2020-07-14 00:31:04,215] {logging_mixin.py:112} INFO - -0.07222222222222223
[2020-07-14 00:31:04,215] {logging_mixin.py:112} INFO - 0.5
[2020-07-14 00:31:04,215] {logging_mixin.py:112} INFO - 0.09599206349206349
[2020-07-14 00:31:04,215] {logging_mixin.py:112} INFO - 6
[2020-07-14 00:31:04,215] {logging_mixin.py:112} INFO - 9
[2020-07-14 00:31:04,216] {python_operator.py:114} INFO - Done. Returned value was: None
[2020-07-14 00:31:04,219] {taskinstance.py:1065} INFO - Marking task as SUCCESS.dag_id=news_fetch, task_id=cnn_news_parser, execution_date=20200711T025400, start_date=20200713T163103, end_date=20200713T163104
[2020-07-14 00:31:13,957] {logging_mixin.py:112} INFO - [2020-07-14 00:31:13,956] {local_task_job.py:103} INFO - Task exited with return code 0
