[2020-07-14 13:07:33,796] {taskinstance.py:669} INFO - Dependencies all met for <TaskInstance: datapipeline.stitching 2020-07-12T00:08:00+00:00 [queued]>
[2020-07-14 13:07:33,803] {taskinstance.py:669} INFO - Dependencies all met for <TaskInstance: datapipeline.stitching 2020-07-12T00:08:00+00:00 [queued]>
[2020-07-14 13:07:33,803] {taskinstance.py:879} INFO - 
--------------------------------------------------------------------------------
[2020-07-14 13:07:33,803] {taskinstance.py:880} INFO - Starting attempt 2 of 4
[2020-07-14 13:07:33,803] {taskinstance.py:881} INFO - 
--------------------------------------------------------------------------------
[2020-07-14 13:07:33,809] {taskinstance.py:900} INFO - Executing <Task(BashOperator): stitching> on 2020-07-12T00:08:00+00:00
[2020-07-14 13:07:33,811] {standard_task_runner.py:53} INFO - Started process 31676 to run task
[2020-07-14 13:07:33,843] {logging_mixin.py:112} INFO - Running %s on host %s <TaskInstance: datapipeline.stitching 2020-07-12T00:08:00+00:00 [running]> tony-ThinkPad-X1-Carbon-7th
[2020-07-14 13:07:33,852] {bash_operator.py:82} INFO - Tmp dir root location: 
 /tmp
[2020-07-14 13:07:33,853] {bash_operator.py:105} INFO - Temporary script location: /tmp/airflowtmpreo06loz/stitchinge6f79x2h
[2020-07-14 13:07:33,853] {bash_operator.py:115} INFO - Running command: python /home/tony/opencv/stitching.py --video /home/tony/opencv/input_vid/l1.mp4 /home/tony/opencv/input_vid/r1.mp4 --stop_frame 10
[2020-07-14 13:07:33,859] {bash_operator.py:122} INFO - Output:
[2020-07-14 13:07:36,960] {bash_operator.py:126} INFO - 
[2020-07-14 13:07:36,960] {bash_operator.py:126} INFO - (python:31678): GStreamer-CRITICAL **: 13:07:36.960: gst_element_make_from_uri: assertion 'gst_uri_is_valid (uri)' failed
[2020-07-14 13:07:36,962] {bash_operator.py:126} INFO - [ WARN:0] global /home/tony/opencv/modules/videoio/src/cap_gstreamer.cpp (1580) open OpenCV | GStreamer warning: cannot link elements
[2020-07-14 13:07:50,151] {bash_operator.py:126} INFO - 
[2020-07-14 13:07:50,151] {bash_operator.py:126} INFO - Stitching sample
[2020-07-14 13:07:50,151] {bash_operator.py:126} INFO - ================
[2020-07-14 13:07:50,151] {bash_operator.py:126} INFO - 
[2020-07-14 13:07:50,151] {bash_operator.py:126} INFO - Show how to use Stitcher API from python in a simple way to stitch panoramas
[2020-07-14 13:07:50,151] {bash_operator.py:126} INFO - or scans.
[2020-07-14 13:07:50,151] {bash_operator.py:126} INFO - 
[2020-07-14 13:07:50,151] {bash_operator.py:126} INFO - usage: stitching.py [-h] [--mode {0,1}] [--output OUTPUT]
[2020-07-14 13:07:50,151] {bash_operator.py:126} INFO -                     [--img IMG [IMG ...]] [--videos VIDEOS [VIDEOS ...]]
[2020-07-14 13:07:50,151] {bash_operator.py:126} INFO -                     [--stop_frame STOP_FRAME] [--view]
[2020-07-14 13:07:50,151] {bash_operator.py:126} INFO - 
[2020-07-14 13:07:50,151] {bash_operator.py:126} INFO - Stitching sample.
[2020-07-14 13:07:50,151] {bash_operator.py:126} INFO - 
[2020-07-14 13:07:50,151] {bash_operator.py:126} INFO - optional arguments:
[2020-07-14 13:07:50,151] {bash_operator.py:126} INFO -   -h, --help            show this help message and exit
[2020-07-14 13:07:50,151] {bash_operator.py:126} INFO -   --mode {0,1}          Determines configuration of stitcher. The default is
[2020-07-14 13:07:50,151] {bash_operator.py:126} INFO -                         `PANORAMA` (0), mode suitable for creating photo
[2020-07-14 13:07:50,151] {bash_operator.py:126} INFO -                         panoramas. Option `SCANS` (1) is suitable for
[2020-07-14 13:07:50,151] {bash_operator.py:126} INFO -                         stitching materials under affine transformation, such
[2020-07-14 13:07:50,151] {bash_operator.py:126} INFO -                         as scans.
[2020-07-14 13:07:50,151] {bash_operator.py:126} INFO -   --output OUTPUT       Resulting image. The default is `result.jpg`.
[2020-07-14 13:07:50,151] {bash_operator.py:126} INFO -   --img IMG [IMG ...]   input images
[2020-07-14 13:07:50,151] {bash_operator.py:126} INFO -   --videos VIDEOS [VIDEOS ...]
[2020-07-14 13:07:50,151] {bash_operator.py:126} INFO -                         input videos
[2020-07-14 13:07:50,151] {bash_operator.py:126} INFO -   --stop_frame STOP_FRAME
[2020-07-14 13:07:50,151] {bash_operator.py:126} INFO -                         limit of frames to stitch
[2020-07-14 13:07:50,151] {bash_operator.py:126} INFO -   --view                view stitch
[2020-07-14 13:07:50,151] {bash_operator.py:126} INFO - 
[2020-07-14 13:07:50,152] {bash_operator.py:126} INFO - ['/home/tony/opencv/input_vid/l1.mp4', '/home/tony/opencv/input_vid/r1.mp4']
[2020-07-14 13:07:50,152] {bash_operator.py:126} INFO - 
[2020-07-14 13:07:50,152] {bash_operator.py:126} INFO -  Time taken: 0 hours 0 minutes and 1.87 seconds.
[2020-07-14 13:07:50,152] {bash_operator.py:126} INFO - 
[2020-07-14 13:07:50,152] {bash_operator.py:126} INFO -  Time taken: 0 hours 0 minutes and 1.44 seconds.
[2020-07-14 13:07:50,152] {bash_operator.py:126} INFO - 
[2020-07-14 13:07:50,152] {bash_operator.py:126} INFO -  Time taken: 0 hours 0 minutes and 1.41 seconds.
[2020-07-14 13:07:50,152] {bash_operator.py:126} INFO - 
[2020-07-14 13:07:50,152] {bash_operator.py:126} INFO -  Time taken: 0 hours 0 minutes and 1.46 seconds.
[2020-07-14 13:07:50,152] {bash_operator.py:126} INFO - 
[2020-07-14 13:07:50,152] {bash_operator.py:126} INFO -  Time taken: 0 hours 0 minutes and 1.44 seconds.
[2020-07-14 13:07:50,152] {bash_operator.py:126} INFO - 
[2020-07-14 13:07:50,152] {bash_operator.py:126} INFO -  Time taken: 0 hours 0 minutes and 1.45 seconds.
[2020-07-14 13:07:50,152] {bash_operator.py:126} INFO - 
[2020-07-14 13:07:50,152] {bash_operator.py:126} INFO -  Time taken: 0 hours 0 minutes and 1.68 seconds.
[2020-07-14 13:07:50,152] {bash_operator.py:126} INFO - 
[2020-07-14 13:07:50,152] {bash_operator.py:126} INFO -  Time taken: 0 hours 0 minutes and 1.44 seconds.
[2020-07-14 13:07:50,152] {bash_operator.py:126} INFO - 
[2020-07-14 13:07:50,152] {bash_operator.py:126} INFO -  Time taken: 0 hours 0 minutes and 1.42 seconds.
[2020-07-14 13:07:50,152] {bash_operator.py:126} INFO - 
[2020-07-14 13:07:50,152] {bash_operator.py:126} INFO -  Time taken: 0 hours 0 minutes and 1.42 seconds.
[2020-07-14 13:07:50,234] {bash_operator.py:130} INFO - Command exited with return code 0
[2020-07-14 13:07:50,239] {taskinstance.py:1065} INFO - Marking task as SUCCESS.dag_id=datapipeline, task_id=stitching, execution_date=20200712T000800, start_date=20200714T050733, end_date=20200714T050750
[2020-07-14 13:07:53,889] {logging_mixin.py:112} INFO - [2020-07-14 13:07:53,889] {local_task_job.py:103} INFO - Task exited with return code 0
