[2020-07-13 22:56:15,560] {taskinstance.py:669} INFO - Dependencies all met for <TaskInstance: news_fetch.cnn_news_parser 2020-07-11T00:44:00+00:00 [queued]>
[2020-07-13 22:56:15,569] {taskinstance.py:669} INFO - Dependencies all met for <TaskInstance: news_fetch.cnn_news_parser 2020-07-11T00:44:00+00:00 [queued]>
[2020-07-13 22:56:15,569] {taskinstance.py:879} INFO - 
--------------------------------------------------------------------------------
[2020-07-13 22:56:15,569] {taskinstance.py:880} INFO - Starting attempt 1 of 4
[2020-07-13 22:56:15,569] {taskinstance.py:881} INFO - 
--------------------------------------------------------------------------------
[2020-07-13 22:56:15,576] {taskinstance.py:900} INFO - Executing <Task(PythonOperator): cnn_news_parser> on 2020-07-11T00:44:00+00:00
[2020-07-13 22:56:15,579] {standard_task_runner.py:53} INFO - Started process 23082 to run task
[2020-07-13 22:56:15,622] {logging_mixin.py:112} INFO - Running %s on host %s <TaskInstance: news_fetch.cnn_news_parser 2020-07-11T00:44:00+00:00 [running]> tony-ThinkPad-X1-Carbon-7th
[2020-07-13 22:56:15,742] {logging_mixin.py:112} INFO - Description >>>>>>>>>>>>>>>>>>>>
[2020-07-13 22:56:15,742] {logging_mixin.py:112} INFO - White House press secretary Kayleigh McEnany called the backlash over Goya CEO Robert Unanue’s praise of President Trump at a White House event last week “unfortunate,” adding that “this is the kind of basket of deplorable politics that the left routinely engages in.”
[2020-07-13 22:56:15,742] {logging_mixin.py:112} INFO - Complete String >>>>>>>>>>>>>>>>
[2020-07-13 22:56:15,742] {logging_mixin.py:112} INFO - McEnany blasts anti-Trump Goya boycott: 'Basket of deplorable politics' now routine on the left. White House press secretary Kayleigh McEnany called the backlash over Goya CEO Robert Unanue’s praise of President Trump at a White House event last week “unfortunate,” adding that “this is the kind of basket of deplorable politics that the left routinely engages in.”
[2020-07-13 22:56:15,789] {logging_mixin.py:112} INFO - Description >>>>>>>>>>>>>>>>>>>>
[2020-07-13 22:56:15,789] {logging_mixin.py:112} INFO - Olivia Culpo, Jasmine Sanders and Kate Bock are heating things up.
[2020-07-13 22:56:15,789] {logging_mixin.py:112} INFO - Complete String >>>>>>>>>>>>>>>>
[2020-07-13 22:56:15,789] {logging_mixin.py:112} INFO - SI Swimsuit models Olivia Culpo, Jasmine Sanders and Kate Bock share 2020 cover. Olivia Culpo, Jasmine Sanders and Kate Bock are heating things up.
[2020-07-13 22:56:15,790] {logging_mixin.py:112} INFO - Description >>>>>>>>>>>>>>>>>>>>
[2020-07-13 22:56:15,790] {logging_mixin.py:112} INFO - Bridgeport mayor Joe Ganim filed a suit in the state Superior Court, claiming he was bitten by a boarding passenger’s dog while on a Delta flight in 2018.
[2020-07-13 22:56:15,791] {logging_mixin.py:112} INFO - Complete String >>>>>>>>>>>>>>>>
[2020-07-13 22:56:15,791] {logging_mixin.py:112} INFO - Connecticut mayor suing Delta Air Lines over dog bite, claims he suffered 'painful and permanent injuries'. Bridgeport mayor Joe Ganim filed a suit in the state Superior Court, claiming he was bitten by a boarding passenger’s dog while on a Delta flight in 2018.
[2020-07-13 22:56:15,792] {logging_mixin.py:112} INFO - Description >>>>>>>>>>>>>>>>>>>>
[2020-07-13 22:56:15,792] {logging_mixin.py:112} INFO - "Douglass’s message might be more relevant today than ever since the struggles he fought for remain ongoing."
[2020-07-13 22:56:15,793] {logging_mixin.py:112} INFO - Complete String >>>>>>>>>>>>>>>>
[2020-07-13 22:56:15,793] {logging_mixin.py:112} INFO - Petition to rename Rochester airport after Frederick Douglass trends online. "Douglass’s message might be more relevant today than ever since the struggles he fought for remain ongoing."
[2020-07-13 22:56:15,794] {logging_mixin.py:112} INFO - Description >>>>>>>>>>>>>>>>>>>>
[2020-07-13 22:56:15,794] {logging_mixin.py:112} INFO - A federal judge in Washington, D.C., has stayed all pending federal executions—including one that had been set for Monday.
[2020-07-13 22:56:15,794] {logging_mixin.py:112} INFO - Complete String >>>>>>>>>>>>>>>>
[2020-07-13 22:56:15,794] {logging_mixin.py:112} INFO - Federal judge blocks imminent execution, last-minute appeals likely. A federal judge in Washington, D.C., has stayed all pending federal executions—including one that had been set for Monday.
[2020-07-13 22:56:15,795] {logging_mixin.py:112} INFO - Description >>>>>>>>>>>>>>>>>>>>
[2020-07-13 22:56:15,795] {logging_mixin.py:112} INFO - Former House Speaker Newt Gingrich said on Monday that President Trump has a "winning message," so presumptive Democratic presidential nominee Joe Biden is trying to steal it.
[2020-07-13 22:56:15,796] {logging_mixin.py:112} INFO - Complete String >>>>>>>>>>>>>>>>
[2020-07-13 22:56:15,796] {logging_mixin.py:112} INFO - Gingrich calls out Biden: He knows Trump has 'winning message,' so he's stealing it. Former House Speaker Newt Gingrich said on Monday that President Trump has a "winning message," so presumptive Democratic presidential nominee Joe Biden is trying to steal it.
[2020-07-13 22:56:15,797] {logging_mixin.py:112} INFO - Description >>>>>>>>>>>>>>>>>>>>
[2020-07-13 22:56:15,797] {logging_mixin.py:112} INFO - Michael Flynn, after fighting for years against a false-statements charge stemming from the Russia probe, could be poised not only to lift his legal cloud but make a return to the campaign trail on behalf of President Trump.
[2020-07-13 22:56:15,797] {logging_mixin.py:112} INFO - Complete String >>>>>>>>>>>>>>>>
[2020-07-13 22:56:15,797] {logging_mixin.py:112} INFO - Flynn could reprise Trump campaign role, as he fights to clear legal cloud. Michael Flynn, after fighting for years against a false-statements charge stemming from the Russia probe, could be poised not only to lift his legal cloud but make a return to the campaign trail on behalf of President Trump.
[2020-07-13 22:56:15,798] {logging_mixin.py:112} INFO - Description >>>>>>>>>>>>>>>>>>>>
[2020-07-13 22:56:15,799] {logging_mixin.py:112} INFO - Aaron Rodgers was at the golf course Sunday for the American Century Championship but hitting the fairway wasn’t really what was on his mind.
[2020-07-13 22:56:15,799] {logging_mixin.py:112} INFO - Complete String >>>>>>>>>>>>>>>>
[2020-07-13 22:56:15,799] {logging_mixin.py:112} INFO - Packers' Aaron Rodgers wonders whether there will be a 2020 season. Aaron Rodgers was at the golf course Sunday for the American Century Championship but hitting the fairway wasn’t really what was on his mind.
[2020-07-13 22:56:15,800] {logging_mixin.py:112} INFO - Description >>>>>>>>>>>>>>>>>>>>
[2020-07-13 22:56:15,800] {logging_mixin.py:112} INFO - The paper explores the risks associated with full flights as airlines are once again beginning to book planes to full capacity.
[2020-07-13 22:56:15,800] {logging_mixin.py:112} INFO - Complete String >>>>>>>>>>>>>>>>
[2020-07-13 22:56:15,800] {logging_mixin.py:112} INFO - Banning middle seat on planes could cut coronavirus risk on flights almost in half: MIT report. The paper explores the risks associated with full flights as airlines are once again beginning to book planes to full capacity.
[2020-07-13 22:56:15,801] {logging_mixin.py:112} INFO - Description >>>>>>>>>>>>>>>>>>>>
[2020-07-13 22:56:15,802] {logging_mixin.py:112} INFO - The Washington Redskins quarterback Dwayne Haskins Jr. praised the organization as it announced that the team name would be changed after 87 years.
[2020-07-13 22:56:15,802] {logging_mixin.py:112} INFO - Complete String >>>>>>>>>>>>>>>>
[2020-07-13 22:56:15,802] {logging_mixin.py:112} INFO - Washington's Dwayne Haskins Jr. praises team for retiring name. The Washington Redskins quarterback Dwayne Haskins Jr. praised the organization as it announced that the team name would be changed after 87 years.
[2020-07-13 22:56:15,803] {logging_mixin.py:112} INFO - -0.12222222222222223
[2020-07-13 22:56:15,803] {logging_mixin.py:112} INFO - 0.45
[2020-07-13 22:56:15,803] {logging_mixin.py:112} INFO - 0.10194444444444443
[2020-07-13 22:56:15,803] {logging_mixin.py:112} INFO - 0
[2020-07-13 22:56:15,803] {logging_mixin.py:112} INFO - 3
[2020-07-13 22:56:15,804] {python_operator.py:114} INFO - Done. Returned value was: None
[2020-07-13 22:56:15,808] {taskinstance.py:1065} INFO - Marking task as SUCCESS.dag_id=news_fetch, task_id=cnn_news_parser, execution_date=20200711T004400, start_date=20200713T145615, end_date=20200713T145615
[2020-07-13 22:56:25,556] {logging_mixin.py:112} INFO - [2020-07-13 22:56:25,556] {local_task_job.py:103} INFO - Task exited with return code 0
